Using device: cpu

Creating model...
F and G parameters frozen
Creating value function...
Creating trainer...
ValueBasedAgentTrainer initialized:
  Agent C parameters: 811072
  F/G parameters: 791442
  F/G frozen: True

Creating dataset...
Dataset size: 100
Batch size: 4
Episode length: 5

============================================================
Starting training...
============================================================

Epoch 1/50
  Batch 5/25: R_intrinsic=0.1015, Valence=-0.0002, Value=0.4910
  Batch 10/25: R_intrinsic=0.1010, Valence=-0.0002, Value=0.3229
  Batch 15/25: R_intrinsic=0.0974, Valence=-0.0002, Value=0.4601
  Batch 20/25: R_intrinsic=0.1062, Valence=-0.0002, Value=0.1611
  Batch 25/25: R_intrinsic=0.1020, Valence=-0.0002, Value=0.2927

Epoch 1 Summary:
  R_intrinsic: 0.1000
  R_curiosity: 0.0000
  R_competence: 0.1317
  R_novelty: 0.0524
  Coherence: 0.4551
  Uncertainty: 67.8983
  Valence: -0.0002
  Eta: 0.0000
  Epsilon: 0.0000
  Value (start): 0.3270
  Value (end): 0.3420
  TD Loss: 0.0358

Epoch 2/50
  Batch 5/25: R_intrinsic=0.0900, Valence=-0.0001, Value=0.6891
  Batch 10/25: R_intrinsic=0.1036, Valence=-0.0001, Value=0.1648
  Batch 15/25: R_intrinsic=0.0948, Valence=-0.0001, Value=0.3498
  Batch 20/25: R_intrinsic=0.0950, Valence=-0.0000, Value=0.3445
  Batch 25/25: R_intrinsic=0.0924, Valence=0.0000, Value=0.4183

Epoch 2 Summary:
  R_intrinsic: 0.0963
  R_curiosity: 0.0000
  R_competence: 0.1316
  R_novelty: 0.0434
  Coherence: 0.4535
  Uncertainty: 68.3764
  Valence: -0.0001
  Eta: 0.0000
  Epsilon: 0.0000
  Value (start): 0.3129
  Value (end): 0.3171
  TD Loss: 0.0307

Epoch 3/50
  Batch 5/25: R_intrinsic=0.0922, Valence=0.0001, Value=0.3381
  Batch 10/25: R_intrinsic=0.0971, Valence=0.0001, Value=0.2957
  Batch 15/25: R_intrinsic=0.0954, Valence=0.0001, Value=0.3268
  Batch 20/25: R_intrinsic=0.0894, Valence=0.0002, Value=0.2393
  Batch 25/25: R_intrinsic=0.0954, Valence=0.0002, Value=0.2913

Epoch 3 Summary:
  R_intrinsic: 0.0928
  R_curiosity: 0.0000
  R_competence: 0.1325
  R_novelty: 0.0333
  Coherence: 0.4541
  Uncertainty: 69.0236
  Valence: 0.0001
  Eta: 0.0000
  Epsilon: 0.0000
  Value (start): 0.3212
  Value (end): 0.2979
  TD Loss: 0.0243

Epoch 4/50
  Batch 5/25: R_intrinsic=0.0911, Valence=0.0002, Value=0.2549
  Batch 10/25: R_intrinsic=0.0961, Valence=0.0003, Value=0.2014
  Batch 15/25: R_intrinsic=0.0981, Valence=0.0003, Value=0.3671
  Batch 20/25: R_intrinsic=0.0987, Valence=0.0003, Value=0.2853
  Batch 25/25: R_intrinsic=0.1059, Valence=0.0003, Value=0.3647

Epoch 4 Summary:
  R_intrinsic: 0.0959
  R_curiosity: 0.0000
  R_competence: 0.1311
  R_novelty: 0.0430
  Coherence: 0.4532
  Uncertainty: 70.1614
  Valence: 0.0003
  Eta: 0.0000
  Epsilon: 0.0000
  Value (start): 0.3063
  Value (end): 0.3082
  TD Loss: 0.0277

Epoch 5/50
  Batch 5/25: R_intrinsic=0.1094, Valence=0.0004, Value=0.3148
  Batch 10/25: R_intrinsic=0.1270, Valence=0.0004, Value=0.3243
  Batch 15/25: R_intrinsic=0.1265, Valence=0.0004, Value=0.5147
  Batch 20/25: R_intrinsic=0.1410, Valence=0.0004, Value=0.5619
  Batch 25/25: R_intrinsic=0.1587, Valence=0.0004, Value=0.3630

Epoch 5 Summary:
  R_intrinsic: 0.1282
  R_curiosity: 0.0000
  R_competence: 0.1315
  R_novelty: 0.1232
  Coherence: 0.4556
  Uncertainty: 72.6515
  Valence: 0.0004
  Eta: 0.0000
  Epsilon: 0.0000
  Value (start): 0.3673
  Value (end): 0.4049
  TD Loss: 0.0530

Epoch 6/50
  Batch 5/25: R_intrinsic=0.2023, Valence=0.0003, Value=0.7912
  Batch 10/25: R_intrinsic=0.2578, Valence=0.0003, Value=0.5744
  Batch 15/25: R_intrinsic=0.3153, Valence=0.0002, Value=0.6404
  Batch 20/25: R_intrinsic=0.3744, Valence=0.0002, Value=0.6257
  Batch 25/25: R_intrinsic=0.4250, Valence=0.0001, Value=1.4698

Epoch 6 Summary:
  R_intrinsic: 0.2944
  R_curiosity: 0.0000
  R_competence: 0.1304
  R_novelty: 0.5404
  Coherence: 0.4525
  Uncertainty: 78.8165
  Valence: 0.0002
  Eta: 0.0000
  Epsilon: 0.0000
  Value (start): 0.9796
  Value (end): 0.8523
  TD Loss: 0.2913

Epoch 7/50
  Batch 5/25: R_intrinsic=0.4635, Valence=0.0000, Value=2.8075
  Batch 10/25: R_intrinsic=0.4741, Valence=0.0001, Value=2.9380
  Batch 15/25: R_intrinsic=0.4792, Valence=0.0001, Value=0.6831
  Batch 20/25: R_intrinsic=0.4730, Valence=0.0001, Value=1.8011
  Batch 25/25: R_intrinsic=0.4842, Valence=0.0002, Value=7.1444

Epoch 7 Summary:
  R_intrinsic: 0.4709
  R_curiosity: 0.0000
  R_competence: 0.1305
  R_novelty: 0.9816
  Coherence: 0.4477
  Uncertainty: 94.9334
  Valence: 0.0001
  Eta: 0.0000
  Epsilon: 0.0000
  Value (start): 2.3249
  Value (end): 2.6159
  TD Loss: 3.3580

Epoch 8/50
  Batch 5/25: R_intrinsic=0.4731, Valence=0.0002, Value=29.7749
  Batch 10/25: R_intrinsic=0.4807, Valence=0.0003, Value=99.8741
  Batch 15/25: R_intrinsic=0.4683, Valence=0.0004, Value=331.8404
  Batch 20/25: R_intrinsic=0.4754, Valence=0.0004, Value=1013.6053
  Batch 25/25: R_intrinsic=0.4712, Valence=0.0005, Value=2629.3406

Epoch 8 Summary:
  R_intrinsic: 0.4727
  R_curiosity: 0.0000
  R_competence: 0.1212
  R_novelty: 1.0000
  Coherence: 0.4167
  Uncertainty: 128.1387
  Valence: 0.0003
  Eta: 0.0000
  Epsilon: 0.0000
  Value (start): 185.2225
  Value (end): 564.6889
  TD Loss: 299775.4259

Epoch 9/50
  Batch 5/25: R_intrinsic=0.4640, Valence=0.0005, Value=5338.8320
  Batch 10/25: R_intrinsic=0.4657, Valence=0.0006, Value=9321.1982
  Batch 15/25: R_intrinsic=0.4580, Valence=0.0006, Value=16442.6895
  Batch 20/25: R_intrinsic=0.4638, Valence=0.0007, Value=24607.3828
  Batch 25/25: R_intrinsic=0.4636, Valence=0.0007, Value=28784.6562

Epoch 9 Summary:
  R_intrinsic: 0.4633
  R_curiosity: 0.0000
  R_competence: 0.1054
  R_novelty: 1.0000
  Coherence: 0.3575
  Uncertainty: 174.1142
  Valence: 0.0006
  Eta: 0.0000
  Epsilon: 0.0000
  Value (start): 3567.0871
  Value (end): 14730.2042
  TD Loss: 109980504.2391

Epoch 10/50
  Batch 5/25: R_intrinsic=0.4757, Valence=0.0007, Value=40700.0391
  Batch 10/25: R_intrinsic=0.4707, Valence=0.0007, Value=47469.9336
  Batch 15/25: R_intrinsic=0.4719, Valence=0.0008, Value=66175.0703
  Batch 20/25: R_intrinsic=0.4993, Valence=0.0008, Value=79668.2891
  Batch 25/25: R_intrinsic=0.4923, Valence=0.0008, Value=92224.7734

Epoch 10 Summary:
  R_intrinsic: 0.4797
  R_curiosity: 0.0000
  R_competence: 0.1328
  R_novelty: 1.0000
  Coherence: 0.4740
  Uncertainty: 203.0924
  Valence: 0.0007
  Eta: 0.0000
  Epsilon: 0.0000
  Value (start): 13307.1219
  Value (end): 60536.3847
  TD Loss: 1504722043.5253
  Checkpoint saved: /home/ubuntu/adjunction-model/experiments/intrinsic_reward_baseline/checkpoints/checkpoint_epoch_10.pt

Epoch 11/50
  Batch 5/25: R_intrinsic=0.5052, Valence=0.0008, Value=123350.1953
  Batch 10/25: R_intrinsic=0.4853, Valence=0.0008, Value=125570.6172
  Batch 15/25: R_intrinsic=0.5147, Valence=0.0008, Value=151040.7344
  Batch 20/25: R_intrinsic=0.5188, Valence=0.0008, Value=178703.5156
  Batch 25/25: R_intrinsic=0.5388, Valence=0.0008, Value=189182.7031

Epoch 11 Summary:
  R_intrinsic: 0.5139
  R_curiosity: 0.0000
  R_competence: 0.1899
  R_novelty: 1.0000
  Coherence: 0.7337
  Uncertainty: 220.6833
  Valence: 0.0008
  Eta: 0.0000
  Epsilon: 0.0000
  Value (start): 31426.7894
  Value (end): 146071.8272
  TD Loss: 8587322158.4598

Epoch 12/50
  Batch 5/25: R_intrinsic=0.5315, Valence=0.0009, Value=235301.1406
  Batch 10/25: R_intrinsic=0.5471, Valence=0.0009, Value=271549.0938
  Batch 15/25: R_intrinsic=0.5626, Valence=0.0009, Value=315374.7188
  Batch 20/25: R_intrinsic=0.5565, Valence=0.0009, Value=338525.5312
  Batch 25/25: R_intrinsic=0.5610, Valence=0.0009, Value=401902.0938

Epoch 12 Summary:
  R_intrinsic: 0.5548
  R_curiosity: 0.0000
  R_competence: 0.2580
  R_novelty: 1.0000
  Coherence: 1.0482
  Uncertainty: 233.9986
  Valence: 0.0009
  Eta: 0.0000
  Epsilon: 0.0000
  Value (start): 61904.2345
  Value (end): 291770.4019
  TD Loss: 32975928105.3152

Epoch 13/50
  Batch 5/25: R_intrinsic=0.5990, Valence=0.0009, Value=474857.3438
  Batch 10/25: R_intrinsic=0.5835, Valence=0.0009, Value=588731.5000
  Batch 15/25: R_intrinsic=0.6383, Valence=0.0009, Value=706033.1875
  Batch 20/25: R_intrinsic=0.6373, Valence=0.0009, Value=730461.6875
  Batch 25/25: R_intrinsic=0.5923, Valence=0.0009, Value=978337.0625

Epoch 13 Summary:
  R_intrinsic: 0.5975
  R_curiosity: 0.0000
  R_competence: 0.3291
  R_novelty: 1.0000
  Coherence: 1.5053
  Uncertainty: 246.5389
  Valence: 0.0009
  Eta: 0.0000
  Epsilon: 0.0000
  Value (start): 132029.6825
  Value (end): 636821.3000
  TD Loss: 155757569717.0425

Epoch 14/50
  Batch 5/25: R_intrinsic=0.6178, Valence=0.0009, Value=1112482.1250
  Batch 10/25: R_intrinsic=0.6370, Valence=0.0009, Value=1197309.8750
  Batch 15/25: R_intrinsic=0.6489, Valence=0.0010, Value=1714910.6250
  Batch 20/25: R_intrinsic=0.6355, Valence=0.0010, Value=1767683.2500
  Batch 25/25: R_intrinsic=0.6470, Valence=0.0010, Value=2034051.0000

Epoch 14 Summary:
  R_intrinsic: 0.6412
  R_curiosity: 0.0000
  R_competence: 0.4020
  R_novelty: 1.0000
  Coherence: 2.1107
  Uncertainty: 258.5726
  Valence: 0.0010
  Eta: 0.0000
  Epsilon: 0.0000
  Value (start): 292047.2162
  Value (end): 1485918.6600
  TD Loss: 802915538178.8199

Epoch 15/50
  Batch 5/25: R_intrinsic=0.6781, Valence=0.0010, Value=2721495.7500
  Batch 10/25: R_intrinsic=0.7061, Valence=0.0010, Value=3361554.5000
  Batch 15/25: R_intrinsic=0.6875, Valence=0.0010, Value=3351941.7500
  Batch 20/25: R_intrinsic=0.7163, Valence=0.0010, Value=5049739.0000
  Batch 25/25: R_intrinsic=0.6913, Valence=0.0010, Value=5516033.5000

Epoch 15 Summary:
  R_intrinsic: 0.6872
  R_curiosity: 0.0000
  R_competence: 0.4787
  R_novelty: 1.0000
  Coherence: 2.9786
  Uncertainty: 270.8446
  Valence: 0.0010
  Eta: 0.0000
  Epsilon: 0.0000
  Value (start): 618825.6375
  Value (end): 3642234.1200
  TD Loss: 4708377128759.0400

Epoch 16/50
  Batch 5/25: R_intrinsic=0.7301, Valence=0.0010, Value=6287071.0000
  Batch 10/25: R_intrinsic=0.7179, Valence=0.0010, Value=6410938.5000
  Batch 15/25: R_intrinsic=0.7235, Valence=0.0010, Value=9415002.0000
  Batch 20/25: R_intrinsic=0.7376, Valence=0.0010, Value=8809879.0000
  Batch 25/25: R_intrinsic=0.7559, Valence=0.0010, Value=14585657.0000

Epoch 16 Summary:
  R_intrinsic: 0.7237
  R_curiosity: 0.0000
  R_competence: 0.5394
  R_novelty: 1.0000
  Coherence: 4.1884
  Uncertainty: 282.9409
  Valence: 0.0010
  Eta: 0.0000
  Epsilon: 0.0000
  Value (start): 1231747.9875
  Value (end): 8195117.1400
  TD Loss: 23451901484257.2812

Epoch 17/50
  Batch 5/25: R_intrinsic=0.7065, Valence=0.0010, Value=10239059.0000
  Batch 10/25: R_intrinsic=0.7395, Valence=0.0010, Value=13844669.0000
  Batch 15/25: R_intrinsic=0.7262, Valence=0.0010, Value=19084996.0000
  Batch 20/25: R_intrinsic=0.7417, Valence=0.0010, Value=18986938.0000
  Batch 25/25: R_intrinsic=0.7705, Valence=0.0010, Value=32646426.0000

Epoch 17 Summary:
  R_intrinsic: 0.7400
  R_curiosity: 0.0000
  R_competence: 0.5667
  R_novelty: 1.0000
  Coherence: 5.4456
  Uncertainty: 293.7823
  Valence: 0.0010
  Eta: 0.0000
  Epsilon: 0.0000
  Value (start): 2154888.7950
  Value (end): 17207884.6000
  TD Loss: 103614079308431.3594

Epoch 18/50
  Batch 5/25: R_intrinsic=0.7601, Valence=0.0010, Value=26767496.0000
  Batch 10/25: R_intrinsic=0.7618, Valence=0.0010, Value=34283496.0000
  Batch 15/25: R_intrinsic=0.7659, Valence=0.0010, Value=38173732.0000
  Batch 20/25: R_intrinsic=0.7753, Valence=0.0010, Value=51583480.0000
  Batch 25/25: R_intrinsic=0.7650, Valence=0.0010, Value=53108992.0000

Epoch 18 Summary:
  R_intrinsic: 0.7603
  R_curiosity: 0.0000
  R_competence: 0.6006
  R_novelty: 1.0000
  Coherence: 7.5716
  Uncertainty: 305.4210
  Valence: 0.0010
  Eta: 0.0000
  Epsilon: 0.0000
  Value (start): 3643167.9100
  Value (end): 36409986.8800
  TD Loss: 462975838154915.8125

Epoch 19/50
  Batch 5/25: R_intrinsic=0.7755, Valence=0.0010, Value=67137632.0000
  Batch 10/25: R_intrinsic=0.7650, Valence=0.0010, Value=73996912.0000
  Batch 15/25: R_intrinsic=0.7734, Valence=0.0010, Value=112647792.0000
  Batch 20/25: R_intrinsic=0.7728, Valence=0.0010, Value=75984800.0000
  Batch 25/25: R_intrinsic=0.7928, Valence=0.0010, Value=125325224.0000

Epoch 19 Summary:
  R_intrinsic: 0.7746
  R_curiosity: 0.0000
  R_competence: 0.6243
  R_novelty: 1.0000
  Coherence: 10.8103
  Uncertainty: 317.4138
  Valence: 0.0010
  Eta: 0.0000
  Epsilon: 0.0000
  Value (start): 5906261.0000
  Value (end): 78050312.1600
  TD Loss: 2181733551502786.5000

Epoch 20/50
  Batch 5/25: R_intrinsic=0.7777, Valence=0.0010, Value=144547984.0000
  Batch 10/25: R_intrinsic=0.7974, Valence=0.0010, Value=150363872.0000
  Batch 15/25: R_intrinsic=0.7916, Valence=0.0010, Value=153166624.0000
  Batch 20/25: R_intrinsic=0.7799, Valence=0.0010, Value=165058496.0000
  Batch 25/25: R_intrinsic=0.7846, Valence=0.0010, Value=189242624.0000

Epoch 20 Summary:
  R_intrinsic: 0.7846
  R_curiosity: 0.0000
  R_competence: 0.6409
  R_novelty: 1.0000
  Coherence: 15.1257
  Uncertainty: 327.7438
  Valence: 0.0010
  Eta: 0.0000
  Epsilon: 0.0000
  Value (start): 9045276.0400
  Value (end): 153117596.8000
  TD Loss: 8399257643536876.0000
  Checkpoint saved: /home/ubuntu/adjunction-model/experiments/intrinsic_reward_baseline/checkpoints/checkpoint_epoch_20.pt

Epoch 21/50
  Batch 5/25: R_intrinsic=0.7909, Valence=0.0010, Value=257777472.0000
  Batch 10/25: R_intrinsic=0.7968, Valence=0.0010, Value=278310464.0000
  Batch 15/25: R_intrinsic=0.8114, Valence=0.0010, Value=325437024.0000
  Batch 20/25: R_intrinsic=0.7961, Valence=0.0010, Value=331963840.0000
  Batch 25/25: R_intrinsic=0.7906, Valence=0.0010, Value=381705152.0000

Epoch 21 Summary:
  R_intrinsic: 0.7946
  R_curiosity: 0.0000
  R_competence: 0.6577
  R_novelty: 1.0000
  Coherence: 21.9303
  Uncertainty: 336.1554
  Valence: 0.0010
  Eta: 0.0000
  Epsilon: 0.0000
  Value (start): 13185543.0400
  Value (end): 310681351.0400
  TD Loss: 36262268147471480.0000

Epoch 22/50
  Batch 5/25: R_intrinsic=0.8122, Valence=0.0010, Value=486555840.0000
  Batch 10/25: R_intrinsic=0.8132, Valence=0.0010, Value=580239744.0000
  Batch 15/25: R_intrinsic=0.8051, Valence=0.0010, Value=622667264.0000
  Batch 20/25: R_intrinsic=0.8100, Valence=0.0010, Value=645573632.0000
  Batch 25/25: R_intrinsic=0.7946, Valence=0.0010, Value=576126080.0000

Epoch 22 Summary:
  R_intrinsic: 0.8038
  R_curiosity: 0.0000
  R_competence: 0.6730
  R_novelty: 1.0000
  Coherence: 29.2449
  Uncertainty: 341.3265
  Valence: 0.0010
  Eta: 0.0000
  Epsilon: 0.0000
  Value (start): 18775316.3600
  Value (end): 557784135.6800
  TD Loss: 120736596054192944.0000

Epoch 23/50
  Batch 5/25: R_intrinsic=0.8248, Valence=0.0010, Value=1020544640.0000
  Batch 10/25: R_intrinsic=0.8188, Valence=0.0010, Value=1204662144.0000
  Batch 15/25: R_intrinsic=0.8109, Valence=0.0010, Value=1466270976.0000
  Batch 20/25: R_intrinsic=0.8121, Valence=0.0010, Value=1545244928.0000
  Batch 25/25: R_intrinsic=0.8181, Valence=0.0010, Value=1298368000.0000

Epoch 23 Summary:
  R_intrinsic: 0.8116
  R_curiosity: 0.0000
  R_competence: 0.6859
  R_novelty: 1.0000
  Coherence: 42.2274
  Uncertainty: 351.5631
  Valence: 0.0010
  Eta: 0.0000
  Epsilon: 0.0000
  Value (start): 25708368.3200
  Value (end): 1067514211.8400
  TD Loss: 451794327699749632.0000

Epoch 24/50
  Batch 5/25: R_intrinsic=0.7998, Valence=0.0010, Value=1653264896.0000
  Batch 10/25: R_intrinsic=0.8226, Valence=0.0010, Value=1981132544.0000
  Batch 15/25: R_intrinsic=0.8032, Valence=0.0010, Value=1908782592.0000
  Batch 20/25: R_intrinsic=0.8127, Valence=0.0010, Value=1934687744.0000
  Batch 25/25: R_intrinsic=0.8297, Valence=0.0010, Value=2758869504.0000

Epoch 24 Summary:
  R_intrinsic: 0.8180
  R_curiosity: 0.0000
  R_competence: 0.6967
  R_novelty: 1.0000
  Coherence: 58.3943
  Uncertainty: 362.1350
  Valence: 0.0010
  Eta: 0.0000
  Epsilon: 0.0000
  Value (start): 34943434.9600
  Value (end): 1936270561.2800
  TD Loss: 1519449512650609664.0000

Epoch 25/50
  Batch 5/25: R_intrinsic=0.8123, Valence=0.0010, Value=1992208256.0000
  Batch 10/25: R_intrinsic=0.8290, Valence=0.0010, Value=3153901312.0000
  Batch 15/25: R_intrinsic=0.8257, Valence=0.0010, Value=4430902784.0000
  Batch 20/25: R_intrinsic=0.8225, Valence=0.0010, Value=4361176064.0000
  Batch 25/25: R_intrinsic=0.8316, Valence=0.0010, Value=3452196352.0000

Epoch 25 Summary:
  R_intrinsic: 0.8226
