Using device: cpu

Creating model...
F and G parameters frozen
Creating value function...
Creating trainer...
ValueBasedAgentTrainer initialized:
  Agent C parameters: 811072
  F/G parameters: 791442
  F/G frozen: True

Creating dataset...
Dataset size: 100
Batch size: 4
Episode length: 5

============================================================
Starting training...
============================================================

Epoch 1/50
  Batch 5/25: R_intrinsic=0.1007, Valence=-0.0001, Value=0.0262
  Batch 10/25: R_intrinsic=0.0962, Valence=-0.0001, Value=0.0252
  Batch 15/25: R_intrinsic=0.0967, Valence=-0.0002, Value=0.0312
  Batch 20/25: R_intrinsic=0.1028, Valence=-0.0002, Value=0.0453
  Batch 25/25: R_intrinsic=0.1045, Valence=-0.0003, Value=0.0137

Epoch 1 Summary:
  R_intrinsic: 0.0986
  R_curiosity: 0.0000
  R_competence: 0.1331
  R_novelty: 0.0470
  Coherence: 0.4591
  Uncertainty: 66.8988
  Valence: -0.0001
  Eta: 0.4591
  Epsilon: 0.0019
  Value (start): 0.0283
  Value (end): 0.0298
  TD Loss: 0.0007

Epoch 2/50
  Batch 5/25: R_intrinsic=0.0970, Valence=-0.0003, Value=0.0818
  Batch 10/25: R_intrinsic=0.1076, Valence=-0.0003, Value=0.0327
  Batch 15/25: R_intrinsic=0.1049, Valence=-0.0004, Value=0.0447
  Batch 20/25: R_intrinsic=0.1048, Valence=-0.0004, Value=0.0461
  Batch 25/25: R_intrinsic=0.0999, Valence=-0.0005, Value=0.0244

Epoch 2 Summary:
  R_intrinsic: 0.1017
  R_curiosity: 0.0000
  R_competence: 0.1336
  R_novelty: 0.0539
  Coherence: 0.4609
  Uncertainty: 66.8908
  Valence: -0.0004
  Eta: 0.4609
  Epsilon: 0.0018
  Value (start): 0.0365
  Value (end): 0.0369
  TD Loss: 0.0006

Epoch 3/50
  Batch 5/25: R_intrinsic=0.1021, Valence=-0.0005, Value=0.0442
  Batch 10/25: R_intrinsic=0.1047, Valence=-0.0005, Value=0.0419
  Batch 15/25: R_intrinsic=0.1071, Valence=-0.0006, Value=0.0300
  Batch 20/25: R_intrinsic=0.1004, Valence=-0.0006, Value=0.0258
  Batch 25/25: R_intrinsic=0.1103, Valence=-0.0007, Value=0.0330

Epoch 3 Summary:
  R_intrinsic: 0.1051
  R_curiosity: 0.0000
  R_competence: 0.1340
  R_novelty: 0.0619
  Coherence: 0.4599
  Uncertainty: 66.9261
  Valence: -0.0006
  Eta: 0.4599
  Epsilon: 0.0017
  Value (start): 0.0367
  Value (end): 0.0328
  TD Loss: 0.0005

Epoch 4/50
  Batch 5/25: R_intrinsic=0.1047, Valence=-0.0007, Value=0.0348
  Batch 10/25: R_intrinsic=0.1080, Valence=-0.0007, Value=0.0659
  Batch 15/25: R_intrinsic=0.1134, Valence=-0.0008, Value=0.0402
  Batch 20/25: R_intrinsic=0.1114, Valence=-0.0008, Value=0.0377
  Batch 25/25: R_intrinsic=0.1157, Valence=-0.0008, Value=0.0132

Epoch 4 Summary:
  R_intrinsic: 0.1093
  R_curiosity: 0.0000
  R_competence: 0.1335
  R_novelty: 0.0729
  Coherence: 0.4607
  Uncertainty: 66.9022
  Valence: -0.0007
  Eta: 0.4607
  Epsilon: 0.0019
  Value (start): 0.0371
  Value (end): 0.0381
  TD Loss: 0.0006

Epoch 5/50
  Batch 5/25: R_intrinsic=0.1138, Valence=-0.0008, Value=0.0648
  Batch 10/25: R_intrinsic=0.1260, Valence=-0.0009, Value=0.0401
  Batch 15/25: R_intrinsic=0.1243, Valence=-0.0009, Value=0.0583
  Batch 20/25: R_intrinsic=0.1210, Valence=-0.0009, Value=0.0650
  Batch 25/25: R_intrinsic=0.1315, Valence=-0.0009, Value=0.0511

Epoch 5 Summary:
  R_intrinsic: 0.1203
  R_curiosity: 0.0000
  R_competence: 0.1335
  R_novelty: 0.1005
  Coherence: 0.4624
  Uncertainty: 66.7695
  Valence: -0.0009
  Eta: 0.4624
  Epsilon: 0.0020
  Value (start): 0.0381
  Value (end): 0.0517
  TD Loss: 0.0009

Epoch 6/50
  Batch 5/25: R_intrinsic=0.1348, Valence=-0.0009, Value=0.0554
  Batch 10/25: R_intrinsic=0.1368, Valence=-0.0009, Value=0.0418
  Batch 15/25: R_intrinsic=0.1492, Valence=-0.0010, Value=0.0344
  Batch 20/25: R_intrinsic=0.1525, Valence=-0.0010, Value=0.0507
  Batch 25/25: R_intrinsic=0.1560, Valence=-0.0010, Value=0.0714

Epoch 6 Summary:
  R_intrinsic: 0.1450
  R_curiosity: 0.0000
  R_competence: 0.1333
  R_novelty: 0.1626
  Coherence: 0.4616
  Uncertainty: 66.8050
  Valence: -0.0009
  Eta: 0.4616
  Epsilon: 0.0021
  Value (start): 0.0472
  Value (end): 0.0515
  TD Loss: 0.0007

Epoch 7/50
  Batch 5/25: R_intrinsic=0.1651, Valence=-0.0010, Value=0.0589
  Batch 10/25: R_intrinsic=0.1889, Valence=-0.0010, Value=0.0777
  Batch 15/25: R_intrinsic=0.1913, Valence=-0.0009, Value=0.0470
  Batch 20/25: R_intrinsic=0.1972, Valence=-0.0009, Value=0.0907
  Batch 25/25: R_intrinsic=0.2258, Valence=-0.0009, Value=0.0668

Epoch 7 Summary:
  R_intrinsic: 0.1881
  R_curiosity: 0.0000
  R_competence: 0.1345
  R_novelty: 0.2686
  Coherence: 0.4642
  Uncertainty: 67.1199
  Valence: -0.0009
  Eta: 0.4642
  Epsilon: 0.0019
  Value (start): 0.0585
  Value (end): 0.0680
  TD Loss: 0.0012

Epoch 8/50
  Batch 5/25: R_intrinsic=0.2372, Valence=-0.0009, Value=0.0769
  Batch 10/25: R_intrinsic=0.2638, Valence=-0.0009, Value=0.0824
  Batch 15/25: R_intrinsic=0.2757, Valence=-0.0009, Value=0.1061
  Batch 20/25: R_intrinsic=0.3461, Valence=-0.0009, Value=0.0763
  Batch 25/25: R_intrinsic=0.3869, Valence=-0.0008, Value=0.1204

Epoch 8 Summary:
  R_intrinsic: 0.2888
  R_curiosity: 0.0000
  R_competence: 0.1336
  R_novelty: 0.5217
  Coherence: 0.4647
  Uncertainty: 68.4095
  Valence: -0.0009
  Eta: 0.4647
  Epsilon: 0.0019
  Value (start): 0.0878
  Value (end): 0.0911
  TD Loss: 0.0018

Epoch 9/50
  Batch 5/25: R_intrinsic=0.4372, Valence=-0.0008, Value=0.0805
  Batch 10/25: R_intrinsic=0.4729, Valence=-0.0008, Value=0.0640
  Batch 15/25: R_intrinsic=0.4718, Valence=-0.0007, Value=0.0773
  Batch 20/25: R_intrinsic=0.4861, Valence=-0.0006, Value=0.0127
  Batch 25/25: R_intrinsic=0.4769, Valence=-0.0006, Value=0.1446

Epoch 9 Summary:
  R_intrinsic: 0.4614
  R_curiosity: 0.0000
  R_competence: 0.1329
  R_novelty: 0.9542
  Coherence: 0.4576
  Uncertainty: 74.7610
  Valence: -0.0007
  Eta: 0.4576
  Epsilon: 0.0020
  Value (start): 0.1579
  Value (end): 0.0985
  TD Loss: 0.0029

Epoch 10/50
  Batch 5/25: R_intrinsic=0.4786, Valence=-0.0005, Value=0.1374
  Batch 10/25: R_intrinsic=0.4800, Valence=-0.0005, Value=0.1176
  Batch 15/25: R_intrinsic=0.4817, Valence=-0.0005, Value=0.0783
  Batch 20/25: R_intrinsic=0.4762, Valence=-0.0004, Value=0.1163
  Batch 25/25: R_intrinsic=0.4794, Valence=-0.0004, Value=0.1581

Epoch 10 Summary:
  R_intrinsic: 0.4786
  R_curiosity: 0.0000
  R_competence: 0.1310
  R_novelty: 1.0000
  Coherence: 0.4479
  Uncertainty: 86.8508
  Valence: -0.0005
  Eta: 0.4479
  Epsilon: 0.0023
  Value (start): 0.1695
  Value (end): 0.1331
  TD Loss: 0.0047
  Checkpoint saved: /home/ubuntu/adjunction-model/experiments/intrinsic_reward_baseline/checkpoints/checkpoint_epoch_10.pt

Epoch 11/50
  Batch 5/25: R_intrinsic=0.4829, Valence=-0.0004, Value=0.1566
  Batch 10/25: R_intrinsic=0.4753, Valence=-0.0003, Value=0.1086
  Batch 15/25: R_intrinsic=0.4792, Valence=-0.0003, Value=0.1025
  Batch 20/25: R_intrinsic=0.4802, Valence=-0.0002, Value=0.1881
  Batch 25/25: R_intrinsic=0.4809, Valence=-0.0002, Value=0.1613

Epoch 11 Summary:
  R_intrinsic: 0.4785
  R_curiosity: 0.0000
  R_competence: 0.1308
  R_novelty: 1.0000
  Coherence: 0.4479
  Uncertainty: 96.2139
  Valence: -0.0003
  Eta: 0.4479
  Epsilon: 0.0027
  Value (start): 0.1634
  Value (end): 0.1552
  TD Loss: 0.0071

Epoch 12/50
  Batch 5/25: R_intrinsic=0.4765, Valence=-0.0001, Value=0.2143
  Batch 10/25: R_intrinsic=0.4770, Valence=-0.0001, Value=0.2317
  Batch 15/25: R_intrinsic=0.4795, Valence=-0.0000, Value=0.1672
  Batch 20/25: R_intrinsic=0.4797, Valence=0.0000, Value=0.1214
  Batch 25/25: R_intrinsic=0.4793, Valence=0.0001, Value=0.0288

Epoch 12 Summary:
  R_intrinsic: 0.4785
  R_curiosity: 0.0000
  R_competence: 0.1309
  R_novelty: 1.0000
  Coherence: 0.4489
  Uncertainty: 105.2790
  Valence: -0.0000
  Eta: 0.4489
  Epsilon: 0.0028
  Value (start): 0.1669
  Value (end): 0.1456
  TD Loss: 0.0070

Epoch 13/50
  Batch 5/25: R_intrinsic=0.4786, Valence=0.0002, Value=0.1482
  Batch 10/25: R_intrinsic=0.4758, Valence=0.0002, Value=0.1466
  Batch 15/25: R_intrinsic=0.4800, Valence=0.0003, Value=0.2266
  Batch 20/25: R_intrinsic=0.4799, Valence=0.0003, Value=0.1750
  Batch 25/25: R_intrinsic=0.4796, Valence=0.0004, Value=0.0326

Epoch 13 Summary:
  R_intrinsic: 0.4784
  R_curiosity: 0.0000
  R_competence: 0.1306
  R_novelty: 1.0000
  Coherence: 0.4469
  Uncertainty: 111.0114
  Valence: 0.0002
  Eta: 0.4469
  Epsilon: 0.0030
  Value (start): 0.1646
  Value (end): 0.1435
  TD Loss: 0.0070

Epoch 14/50
  Batch 5/25: R_intrinsic=0.4812, Valence=0.0004, Value=0.2447
  Batch 10/25: R_intrinsic=0.4843, Valence=0.0005, Value=0.2152
  Batch 15/25: R_intrinsic=0.4781, Valence=0.0005, Value=0.2081
  Batch 20/25: R_intrinsic=0.4823, Valence=0.0006, Value=0.2103
  Batch 25/25: R_intrinsic=0.4810, Valence=0.0007, Value=0.1391

Epoch 14 Summary:
  R_intrinsic: 0.4785
  R_curiosity: 0.0000
  R_competence: 0.1308
  R_novelty: 1.0000
  Coherence: 0.4495
  Uncertainty: 109.7066
  Valence: 0.0005
  Eta: 0.4495
  Epsilon: 0.0032
  Value (start): 0.1659
  Value (end): 0.1727
  TD Loss: 0.0113

Epoch 15/50
  Batch 5/25: R_intrinsic=0.4780, Valence=0.0007, Value=0.1288
  Batch 10/25: R_intrinsic=0.4790, Valence=0.0007, Value=0.1417
  Batch 15/25: R_intrinsic=0.4715, Valence=0.0008, Value=0.0626
  Batch 20/25: R_intrinsic=0.4754, Valence=0.0008, Value=0.1907
  Batch 25/25: R_intrinsic=0.4796, Valence=0.0008, Value=0.1355

Epoch 15 Summary:
  R_intrinsic: 0.4777
  R_curiosity: 0.0000
  R_competence: 0.1296
  R_novelty: 1.0000
  Coherence: 0.4445
  Uncertainty: 106.1851
  Valence: 0.0008
  Eta: 0.4445
  Epsilon: 0.0039
  Value (start): 0.1678
  Value (end): 0.1426
  TD Loss: 0.0064

Epoch 16/50
  Batch 5/25: R_intrinsic=0.4737, Valence=0.0009, Value=0.1424
  Batch 10/25: R_intrinsic=0.4700, Valence=0.0009, Value=0.1447
  Batch 15/25: R_intrinsic=0.4709, Valence=0.0009, Value=0.1718
  Batch 20/25: R_intrinsic=0.4728, Valence=0.0009, Value=0.1371
  Batch 25/25: R_intrinsic=0.4701, Valence=0.0009, Value=0.0985

Epoch 16 Summary:
  R_intrinsic: 0.4725
  R_curiosity: 0.0000
  R_competence: 0.1208
  R_novelty: 1.0000
  Coherence: 0.4091
  Uncertainty: 101.2846
  Valence: 0.0009
  Eta: 0.4091
  Epsilon: 0.0048
  Value (start): 0.1672
  Value (end): 0.1560
  TD Loss: 0.0060

Epoch 17/50
  Batch 5/25: R_intrinsic=0.4644, Valence=0.0009, Value=0.1479
  Batch 10/25: R_intrinsic=0.4664, Valence=0.0009, Value=0.1323
  Batch 15/25: R_intrinsic=0.4716, Valence=0.0008, Value=0.1847
  Batch 20/25: R_intrinsic=0.4701, Valence=0.0008, Value=0.1452
  Batch 25/25: R_intrinsic=0.4657, Valence=0.0007, Value=0.0169

Epoch 17 Summary:
  R_intrinsic: 0.4675
  R_curiosity: 0.0000
  R_competence: 0.1126
  R_novelty: 1.0000
  Coherence: 0.3863
  Uncertainty: 91.4823
  Valence: 0.0008
  Eta: 0.3863
  Epsilon: 0.0063
  Value (start): 0.1593
  Value (end): 0.1275
  TD Loss: 0.0055

Epoch 18/50
  Batch 5/25: R_intrinsic=0.4687, Valence=0.0007, Value=0.1466
  Batch 10/25: R_intrinsic=0.4610, Valence=0.0006, Value=0.1472
  Batch 15/25: R_intrinsic=0.4685, Valence=0.0006, Value=0.1407
  Batch 20/25: R_intrinsic=0.4675, Valence=0.0005, Value=0.1097
  Batch 25/25: R_intrinsic=0.4605, Valence=0.0004, Value=0.1245

Epoch 18 Summary:
  R_intrinsic: 0.4643
  R_curiosity: 0.0000
  R_competence: 0.1072
  R_novelty: 1.0000
  Coherence: 0.3630
  Uncertainty: 77.5736
  Valence: 0.0006
  Eta: 0.3630
  Epsilon: 0.0059
  Value (start): 0.1620
  Value (end): 0.1272
  TD Loss: 0.0041

Epoch 19/50
  Batch 5/25: R_intrinsic=0.4543, Valence=0.0003, Value=0.0711
  Batch 10/25: R_intrinsic=0.4585, Valence=0.0003, Value=0.1020
  Batch 15/25: R_intrinsic=0.4538, Valence=0.0002, Value=0.1100
  Batch 20/25: R_intrinsic=0.4640, Valence=0.0001, Value=0.1263
  Batch 25/25: R_intrinsic=0.4540, Valence=0.0000, Value=0.1511

Epoch 19 Summary:
  R_intrinsic: 0.4608
  R_curiosity: 0.0000
  R_competence: 0.1014
  R_novelty: 1.0000
  Coherence: 0.3482
  Uncertainty: 62.4840
  Valence: 0.0002
  Eta: 0.3482
  Epsilon: 0.0067
  Value (start): 0.1556
  Value (end): 0.1351
  TD Loss: 0.0040

Epoch 20/50
  Batch 5/25: R_intrinsic=0.4617, Valence=-0.0000, Value=0.0966
  Batch 10/25: R_intrinsic=0.4577, Valence=-0.0001, Value=0.1105
  Batch 15/25: R_intrinsic=0.4592, Valence=-0.0002, Value=0.1406
  Batch 20/25: R_intrinsic=0.4578, Valence=-0.0002, Value=0.1160
  Batch 25/25: R_intrinsic=0.4586, Valence=-0.0003, Value=0.1558

Epoch 20 Summary:
  R_intrinsic: 0.4593
  R_curiosity: 0.0000
  R_competence: 0.0988
  R_novelty: 1.0000
  Coherence: 0.3392
  Uncertainty: 45.6641
  Valence: -0.0002
  Eta: 0.3392
  Epsilon: 0.0068
  Value (start): 0.1537
  Value (end): 0.1278
  TD Loss: 0.0032
  Checkpoint saved: /home/ubuntu/adjunction-model/experiments/intrinsic_reward_baseline/checkpoints/checkpoint_epoch_20.pt

Epoch 21/50
  Batch 5/25: R_intrinsic=0.4590, Valence=-0.0004, Value=0.1332
  Batch 10/25: R_intrinsic=0.4653, Valence=-0.0004, Value=0.1470
  Batch 15/25: R_intrinsic=0.4584, Valence=-0.0005, Value=0.1282
  Batch 20/25: R_intrinsic=0.4627, Valence=-0.0005, Value=0.1434
  Batch 25/25: R_intrinsic=0.4629, Valence=-0.0006, Value=0.1322

Epoch 21 Summary:
  R_intrinsic: 0.4603
  R_curiosity: 0.0000
  R_competence: 0.1005
  R_novelty: 1.0000
  Coherence: 0.3410
  Uncertainty: 29.5405
  Valence: -0.0005
  Eta: 0.3410
  Epsilon: 0.0066
  Value (start): 0.1463
  Value (end): 0.1383
  TD Loss: 0.0038

Epoch 22/50
  Batch 5/25: R_intrinsic=0.4595, Valence=-0.0006, Value=0.1330
  Batch 10/25: R_intrinsic=0.4533, Valence=-0.0006, Value=0.1306
  Batch 15/25: R_intrinsic=0.4543, Valence=-0.0007, Value=0.1532
  Batch 20/25: R_intrinsic=0.4621, Valence=-0.0007, Value=0.1303
  Batch 25/25: R_intrinsic=0.4583, Valence=-0.0007, Value=0.1698

Epoch 22 Summary:
  R_intrinsic: 0.4584
  R_curiosity: 0.0000
  R_competence: 0.0974
  R_novelty: 1.0000
  Coherence: 0.3325
  Uncertainty: 16.0829
  Valence: -0.0006
  Eta: 0.3325
  Epsilon: 0.0072
  Value (start): 0.1500
  Value (end): 0.1361
  TD Loss: 0.0036

Epoch 23/50
  Batch 5/25: R_intrinsic=0.4558, Valence=-0.0007, Value=0.1350
  Batch 10/25: R_intrinsic=0.4547, Valence=-0.0007, Value=0.1083
  Batch 15/25: R_intrinsic=0.4572, Valence=-0.0007, Value=0.1162
  Batch 20/25: R_intrinsic=0.4537, Valence=-0.0008, Value=0.1340
  Batch 25/25: R_intrinsic=0.4506, Valence=-0.0008, Value=0.1262

Epoch 23 Summary:
  R_intrinsic: 0.4559
  R_curiosity: 0.0000
  R_competence: 0.0931
  R_novelty: 1.0000
  Coherence: 0.3211
  Uncertainty: -0.5123
  Valence: -0.0007
  Eta: 0.3211
  Epsilon: 0.0078
  Value (start): 0.1529
  Value (end): 0.1266
  TD Loss: 0.0030

Epoch 24/50
  Batch 5/25: R_intrinsic=0.4529, Valence=-0.0008, Value=0.1248
  Batch 10/25: R_intrinsic=0.4551, Valence=-0.0008, Value=0.1486
  Batch 15/25: R_intrinsic=0.4557, Valence=-0.0008, Value=0.1411
  Batch 20/25: R_intrinsic=0.4496, Valence=-0.0008, Value=0.1280
  Batch 25/25: R_intrinsic=0.4555, Valence=-0.0008, Value=0.1235

Epoch 24 Summary:
  R_intrinsic: 0.4532
  R_curiosity: 0.0000
  R_competence: 0.0887
  R_novelty: 1.0000
  Coherence: 0.3037
  Uncertainty: -17.8803
  Valence: -0.0008
  Eta: 0.3037
  Epsilon: 0.0077
  Value (start): 0.1481
  Value (end): 0.1350
  TD Loss: 0.0035

Epoch 25/50
  Batch 5/25: R_intrinsic=0.4539, Valence=-0.0008, Value=0.1351
  Batch 10/25: R_intrinsic=0.4516, Valence=-0.0008, Value=0.1398
  Batch 15/25: R_intrinsic=0.4551, Valence=-0.0007, Value=0.1390
  Batch 20/25: R_intrinsic=0.4574, Valence=-0.0007, Value=0.1172
  Batch 25/25: R_intrinsic=0.4469, Valence=-0.0007, Value=0.1140

Epoch 25 Summary:
  R_intrinsic: 0.4518
  R_curiosity: 0.0000
  R_competence: 0.0864
  R_novelty: 1.0000
  Coherence: 0.2981
  Uncertainty: -32.7044
  Valence: -0.0008
  Eta: 0.2981
  Epsilon: 0.0099
  Value (start): 0.1487
  Value (end): 0.1298
  TD Loss: 0.0032

Epoch 26/50
  Batch 5/25: R_intrinsic=0.4499, Valence=-0.0007, Value=0.1199
  Batch 10/25: R_intrinsic=0.4534, Valence=-0.0006, Value=0.1299
  Batch 15/25: R_intrinsic=0.4458, Valence=-0.0006, Value=0.1246
  Batch 20/25: R_intrinsic=0.4496, Valence=-0.0006, Value=0.1275
  Batch 25/25: R_intrinsic=0.4461, Valence=-0.0006, Value=0.1250

Epoch 26 Summary:
  R_intrinsic: 0.4490
  R_curiosity: 0.0000
  R_competence: 0.0816
  R_novelty: 1.0000
  Coherence: 0.2817
  Uncertainty: -47.1334
  Valence: -0.0006
  Eta: 0.2817
  Epsilon: 0.0125
  Value (start): 0.1527
  Value (end): 0.1262
  TD Loss: 0.0029

Epoch 27/50
  Batch 5/25: R_intrinsic=0.4489, Valence=-0.0006, Value=0.1317
  Batch 10/25: R_intrinsic=0.4481, Valence=-0.0006, Value=0.1343
  Batch 15/25: R_intrinsic=0.4507, Valence=-0.0005, Value=0.1325
  Batch 20/25: R_intrinsic=0.4524, Valence=-0.0005, Value=0.1332
  Batch 25/25: R_intrinsic=0.4503, Valence=-0.0005, Value=0.1405

Epoch 27 Summary:
  R_intrinsic: 0.4499
  R_curiosity: 0.0000
  R_competence: 0.0832
  R_novelty: 1.0000
  Coherence: 0.2844
  Uncertainty: -63.3134
  Valence: -0.0005
  Eta: 0.2844
  Epsilon: 0.0124
  Value (start): 0.1516
  Value (end): 0.1335
  TD Loss: 0.0032

Epoch 28/50
  Batch 5/25: R_intrinsic=0.4486, Valence=-0.0005, Value=0.1313
  Batch 10/25: R_intrinsic=0.4523, Valence=-0.0004, Value=0.1355
  Batch 15/25: R_intrinsic=0.4558, Valence=-0.0004, Value=0.1282
  Batch 20/25: R_intrinsic=0.4566, Valence=-0.0004, Value=0.1266
  Batch 25/25: R_intrinsic=0.4558, Valence=-0.0004, Value=0.1355

Epoch 28 Summary:
  R_intrinsic: 0.4526
  R_curiosity: 0.0000
  R_competence: 0.0876
  R_novelty: 1.0000
  Coherence: 0.3032
  Uncertainty: -81.4822
  Valence: -0.0004
  Eta: 0.3032
  Epsilon: 0.0113
  Value (start): 0.1476
  Value (end): 0.1333
  TD Loss: 0.0034

Epoch 29/50
  Batch 5/25: R_intrinsic=0.4578, Valence=-0.0003, Value=0.1353
  Batch 10/25: R_intrinsic=0.4605, Valence=-0.0003, Value=0.1310
  Batch 15/25: R_intrinsic=0.4650, Valence=-0.0003, Value=0.1389
  Batch 20/25: R_intrinsic=0.4665, Valence=-0.0002, Value=0.1442
  Batch 25/25: R_intrinsic=0.4709, Valence=-0.0002, Value=0.1433

Epoch 29 Summary:
  R_intrinsic: 0.4635
  R_curiosity: 0.0000
  R_competence: 0.1059
  R_novelty: 1.0000
  Coherence: 0.3726
  Uncertainty: -100.9900
  Valence: -0.0003
  Eta: 0.3726
  Epsilon: 0.0117
  Value (start): 0.1431
  Value (end): 0.1384
  TD Loss: 0.0040

Epoch 30/50
  Batch 5/25: R_intrinsic=0.4687, Valence=-0.0002, Value=0.1466
  Batch 10/25: R_intrinsic=0.4702, Valence=-0.0002, Value=0.1515
  Batch 15/25: R_intrinsic=0.4710, Valence=-0.0002, Value=0.1383
  Batch 20/25: R_intrinsic=0.4762, Valence=-0.0002, Value=0.1434
  Batch 25/25: R_intrinsic=0.4776, Valence=-0.0002, Value=0.1335

Epoch 30 Summary:
  R_intrinsic: 0.4732
  R_curiosity: 0.0000
  R_competence: 0.1219
  R_novelty: 1.0000
  Coherence: 0.4387
  Uncertainty: -126.4850
  Valence: -0.0002
  Eta: 0.4387
  Epsilon: 0.0113
  Value (start): 0.1454
  Value (end): 0.1413
  TD Loss: 0.0041
  Checkpoint saved: /home/ubuntu/adjunction-model/experiments/intrinsic_reward_baseline/checkpoints/checkpoint_epoch_30.pt

Epoch 31/50
  Batch 5/25: R_intrinsic=0.4859, Valence=-0.0002, Value=0.1570
  Batch 10/25: R_intrinsic=0.4897, Valence=-0.0002, Value=0.1476
  Batch 15/25: R_intrinsic=0.4863, Valence=-0.0002, Value=0.1434
  Batch 20/25: R_intrinsic=0.4900, Valence=-0.0002, Value=0.1545
  Batch 25/25: R_intrinsic=0.4915, Valence=-0.0002, Value=0.1437

Epoch 31 Summary:
  R_intrinsic: 0.4852
  R_curiosity: 0.0000
  R_competence: 0.1420
  R_novelty: 1.0000
  Coherence: 0.5169
  Uncertainty: -146.6553
  Valence: -0.0002
  Eta: 0.5169
  Epsilon: 0.0120
  Value (start): 0.1440
  Value (end): 0.1483
  TD Loss: 0.0046

Epoch 32/50
  Batch 5/25: R_intrinsic=0.4800, Valence=-0.0003, Value=0.1541
  Batch 10/25: R_intrinsic=0.4777, Valence=-0.0003, Value=0.1529
  Batch 15/25: R_intrinsic=0.4798, Valence=-0.0003, Value=0.1371
  Batch 20/25: R_intrinsic=0.4825, Valence=-0.0003, Value=0.1571
  Batch 25/25: R_intrinsic=0.4814, Valence=-0.0003, Value=0.1605

Epoch 32 Summary:
  R_intrinsic: 0.4816
  R_curiosity: 0.0000
  R_competence: 0.1360
  R_novelty: 1.0000
  Coherence: 0.4946
  Uncertainty: -156.5562
  Valence: -0.0003
  Eta: 0.4946
  Epsilon: 0.0142
  Value (start): 0.1439
  Value (end): 0.1515
  TD Loss: 0.0046

Epoch 33/50
  Batch 5/25: R_intrinsic=0.4821, Valence=-0.0003, Value=0.1436
  Batch 10/25: R_intrinsic=0.4828, Valence=-0.0003, Value=0.1459
  Batch 15/25: R_intrinsic=0.4858, Valence=-0.0003, Value=0.1682
  Batch 20/25: R_intrinsic=0.4922, Valence=-0.0003, Value=0.1557
  Batch 25/25: R_intrinsic=0.4889, Valence=-0.0003, Value=0.1383

Epoch 33 Summary:
  R_intrinsic: 0.4865
  R_curiosity: 0.0000
  R_competence: 0.1442
  R_novelty: 1.0000
  Coherence: 0.5275
  Uncertainty: -166.8391
  Valence: -0.0003
  Eta: 0.5275
  Epsilon: 0.0202
  Value (start): 0.1423
  Value (end): 0.1549
  TD Loss: 0.0050

Epoch 34/50
  Batch 5/25: R_intrinsic=0.4864, Valence=-0.0003, Value=0.1574
  Batch 10/25: R_intrinsic=0.4817, Valence=-0.0003, Value=0.1556
  Batch 15/25: R_intrinsic=0.4788, Valence=-0.0003, Value=0.1486
  Batch 20/25: R_intrinsic=0.4760, Valence=-0.0003, Value=0.1551
  Batch 25/25: R_intrinsic=0.4738, Valence=-0.0003, Value=0.1361

Epoch 34 Summary:
  R_intrinsic: 0.4811
  R_curiosity: 0.0000
  R_competence: 0.1351
  R_novelty: 1.0000
  Coherence: 0.4858
  Uncertainty: -170.3223
  Valence: -0.0003
  Eta: 0.4858
  Epsilon: 0.0218
  Value (start): 0.1422
  Value (end): 0.1533
  TD Loss: 0.0048

Epoch 35/50
  Batch 5/25: R_intrinsic=0.4711, Valence=-0.0003, Value=0.1474
  Batch 10/25: R_intrinsic=0.4725, Valence=-0.0003, Value=0.1220
  Batch 15/25: R_intrinsic=0.4701, Valence=-0.0003, Value=0.1589
  Batch 20/25: R_intrinsic=0.4715, Valence=-0.0002, Value=0.1500
  Batch 25/25: R_intrinsic=0.4690, Valence=-0.0002, Value=0.1496

Epoch 35 Summary:
  R_intrinsic: 0.4717
  R_curiosity: 0.0000
  R_competence: 0.1195
  R_novelty: 1.0000
  Coherence: 0.4275
  Uncertainty: -171.3655
  Valence: -0.0003
  Eta: 0.4275
  Epsilon: 0.0256
  Value (start): 0.1475
  Value (end): 0.1454
  TD Loss: 0.0042

Epoch 36/50
  Batch 5/25: R_intrinsic=0.4736, Valence=-0.0002, Value=0.1645
  Batch 10/25: R_intrinsic=0.4696, Valence=-0.0002, Value=0.1522
  Batch 15/25: R_intrinsic=0.4703, Valence=-0.0001, Value=0.1509
  Batch 20/25: R_intrinsic=0.4739, Valence=-0.0001, Value=0.1476
  Batch 25/25: R_intrinsic=0.4738, Valence=-0.0001, Value=0.1634

Epoch 36 Summary:
  R_intrinsic: 0.4706
  R_curiosity: 0.0000
  R_competence: 0.1177
  R_novelty: 1.0000
  Coherence: 0.4241
  Uncertainty: -187.6274
  Valence: -0.0001
  Eta: 0.4241
  Epsilon: 0.0251
  Value (start): 0.1471
  Value (end): 0.1535
  TD Loss: 0.0046

Epoch 37/50
  Batch 5/25: R_intrinsic=0.4720, Valence=-0.0001, Value=0.1440
  Batch 10/25: R_intrinsic=0.4773, Valence=-0.0000, Value=0.1672
  Batch 15/25: R_intrinsic=0.4819, Valence=-0.0000, Value=0.1636
  Batch 20/25: R_intrinsic=0.4824, Valence=0.0000, Value=0.1603
  Batch 25/25: R_intrinsic=0.4874, Valence=0.0000, Value=0.1606

Epoch 37 Summary:
  R_intrinsic: 0.4788
  R_curiosity: 0.0000
  R_competence: 0.1313
  R_novelty: 1.0000
  Coherence: 0.4766
  Uncertainty: -207.8623
  Valence: -0.0000
  Eta: 0.4766
  Epsilon: 0.0269
  Value (start): 0.1473
  Value (end): 0.1536
  TD Loss: 0.0048

Epoch 38/50
  Batch 5/25: R_intrinsic=0.4879, Valence=0.0001, Value=0.1932
  Batch 10/25: R_intrinsic=0.4879, Valence=0.0001, Value=0.2387
  Batch 15/25: R_intrinsic=0.4924, Valence=0.0001, Value=0.6397
  Batch 20/25: R_intrinsic=0.5009, Valence=0.0001, Value=4.2775
  Batch 25/25: R_intrinsic=0.5128, Valence=0.0001, Value=11.5460

Epoch 38 Summary:
  R_intrinsic: 0.4956
  R_curiosity: 0.0000
  R_competence: 0.1594
  R_novelty: 1.0000
  Coherence: 0.5868
  Uncertainty: -244.4264
  Valence: 0.0001
  Eta: 0.5868
  Epsilon: 0.0347
  Value (start): 1.5037
  Value (end): 2.3033
  TD Loss: 5.4436

Epoch 39/50
  Batch 5/25: R_intrinsic=0.5365, Valence=0.0001, Value=34.7930
  Batch 10/25: R_intrinsic=0.5640, Valence=0.0001, Value=87.4806
  Batch 15/25: R_intrinsic=0.6003, Valence=0.0001, Value=189.8143
  Batch 20/25: R_intrinsic=0.6312, Valence=0.0001, Value=376.8119
  Batch 25/25: R_intrinsic=0.6705, Valence=0.0001, Value=710.7264

Epoch 39 Summary:
  R_intrinsic: 0.5880
  R_curiosity: 0.0000
  R_competence: 0.3133
  R_novelty: 1.0000
  Coherence: 1.3628
  Uncertainty: -423.3362
  Valence: 0.0001
  Eta: 1.3628
  Epsilon: 0.0788
  Value (start): 82.3314
  Value (end): 216.3289
  TD Loss: 26612.9112

Epoch 40/50
  Batch 5/25: R_intrinsic=0.7035, Valence=0.0001, Value=1284.8846
  Batch 10/25: R_intrinsic=0.7315, Valence=0.0001, Value=2270.2686
  Batch 15/25: R_intrinsic=0.7545, Valence=0.0001, Value=3850.1851
  Batch 20/25: R_intrinsic=0.7681, Valence=0.0001, Value=6253.0620
  Batch 25/25: R_intrinsic=0.7808, Valence=0.0001, Value=10015.7139

Epoch 40 Summary:
  R_intrinsic: 0.7405
  R_curiosity: 0.0000
  R_competence: 0.5675
  R_novelty: 1.0000
  Coherence: 4.9004
  Uncertainty: -555.1980
  Valence: 0.0001
  Eta: 4.9004
  Epsilon: 0.2430
  Value (start): 621.5698
  Value (end): 3955.0192
  TD Loss: 7398997.4559
  Checkpoint saved: /home/ubuntu/adjunction-model/experiments/intrinsic_reward_baseline/checkpoints/checkpoint_epoch_40.pt

Epoch 41/50
  Batch 5/25: R_intrinsic=0.7912, Valence=0.0001, Value=15754.7803
  Batch 10/25: R_intrinsic=0.7995, Valence=0.0001, Value=23787.0781
  Batch 15/25: R_intrinsic=0.8074, Valence=0.0001, Value=35885.7617
  Batch 20/25: R_intrinsic=0.8124, Valence=0.0001, Value=52351.6445
  Batch 25/25: R_intrinsic=0.8168, Valence=0.0001, Value=74651.6484

Epoch 41 Summary:
  R_intrinsic: 0.8024
  R_curiosity: 0.0000
  R_competence: 0.6707
  R_novelty: 1.0000
  Coherence: 15.9971
  Uncertainty: -591.4520
  Valence: 0.0001
  Eta: 15.9971
  Epsilon: 0.8757
  Value (start): 2105.7900
  Value (end): 34769.6136
  TD Loss: 543779131.5475

Epoch 42/50
  Batch 5/25: R_intrinsic=0.8207, Valence=0.0001, Value=106125.9062
  Batch 10/25: R_intrinsic=0.8218, Valence=0.0001, Value=144327.0312
  Batch 15/25: R_intrinsic=0.8250, Valence=0.0001, Value=195490.4531
  Batch 20/25: R_intrinsic=0.8289, Valence=0.0001, Value=268172.8438
  Batch 25/25: R_intrinsic=0.8314, Valence=0.0001, Value=360490.3438

Epoch 42 Summary:
  R_intrinsic: 0.8246
  R_curiosity: 0.0000
  R_competence: 0.7076
  R_novelty: 1.0000
  Coherence: 42.4549
  Uncertainty: -606.2555
  Valence: 0.0001
  Eta: 42.4549
  Epsilon: 2.1058
  Value (start): 4979.4687
  Value (end): 191753.9481
  TD Loss: 16277052023.4400

Epoch 43/50
  Batch 5/25: R_intrinsic=0.8336, Valence=0.0001, Value=468677.9062
  Batch 10/25: R_intrinsic=0.8349, Valence=0.0001, Value=600153.1875
  Batch 15/25: R_intrinsic=0.8379, Valence=0.0001, Value=784978.6250
  Batch 20/25: R_intrinsic=0.8384, Valence=0.0001, Value=971547.0000
  Batch 25/25: R_intrinsic=0.8398, Valence=0.0001, Value=1217907.0000

Epoch 43 Summary:
  R_intrinsic: 0.8365
  R_curiosity: 0.0000
  R_competence: 0.7275
  R_novelty: 1.0000
  Coherence: 98.0572
  Uncertainty: -615.2803
  Valence: 0.0001
  Eta: 98.0572
  Epsilon: 4.3406
  Value (start): 9708.0324
  Value (end): 740686.2937
  TD Loss: 237512425320.0000

Epoch 44/50
  Batch 5/25: R_intrinsic=0.8415, Valence=0.0001, Value=1575864.5000
  Batch 10/25: R_intrinsic=0.8425, Valence=0.0001, Value=1972779.0000
  Batch 15/25: R_intrinsic=0.8433, Valence=0.0001, Value=2487721.2500
  Batch 20/25: R_intrinsic=0.8441, Valence=0.0001, Value=2999412.5000
  Batch 25/25: R_intrinsic=0.8449, Valence=0.0001, Value=3687413.7500

Epoch 44 Summary:
  R_intrinsic: 0.8431
  R_curiosity: 0.0000
  R_competence: 0.7384
  R_novelty: 1.0000
  Coherence: 369.9003
  Uncertainty: -621.9370
  Valence: 0.0001
  Eta: 369.9003
  Epsilon: 8.8408
  Value (start): 16903.9549
  Value (end): 2340490.4850
  TD Loss: 2389030442949.1201

Epoch 45/50
  Batch 5/25: R_intrinsic=0.8456, Valence=0.0001, Value=4415995.0000
  Batch 10/25: R_intrinsic=0.8465, Valence=0.0001, Value=5634077.0000
  Batch 15/25: R_intrinsic=0.8467, Valence=0.0001, Value=6540896.0000
  Batch 20/25: R_intrinsic=0.8473, Valence=0.0001, Value=7829671.0000
  Batch 25/25: R_intrinsic=0.8476, Valence=0.0001, Value=9744799.0000

Epoch 45 Summary:
  R_intrinsic: 0.8466
  R_curiosity: 0.0000
  R_competence: 0.7443
  R_novelty: 1.0000
  Coherence: 1654.7999
  Uncertainty: -626.4088
  Valence: 0.0001
  Eta: 1654.7999
  Epsilon: 14.6590
  Value (start): 27100.8587
  Value (end): 6309543.2000
  TD Loss: 17497153549414.4004

Epoch 46/50
  Batch 5/25: R_intrinsic=0.8479, Valence=0.0001, Value=11602078.0000
  Batch 10/25: R_intrinsic=0.8482, Valence=0.0001, Value=14236806.0000
  Batch 15/25: R_intrinsic=0.8485, Valence=0.0001, Value=16996568.0000
  Batch 20/25: R_intrinsic=0.8487, Valence=0.0001, Value=21819320.0000
  Batch 25/25: R_intrinsic=0.8488, Valence=0.0001, Value=29211020.0000

Epoch 46 Summary:
  R_intrinsic: 0.8483
  R_curiosity: 0.0000
  R_competence: 0.7472
  R_novelty: 1.0000
  Coherence: 7938.6248
  Uncertainty: -629.2325
  Valence: 0.0001
  Eta: 7938.6248
  Epsilon: 29.8327
  Value (start): 40861.6908
  Value (end): 17061987.4000
  TD Loss: 135335659831951.3594

Epoch 47/50
  Batch 5/25: R_intrinsic=0.8490, Valence=0.0001, Value=38979340.0000
  Batch 10/25: R_intrinsic=0.8491, Valence=0.0001, Value=52835584.0000
  Batch 15/25: R_intrinsic=0.8493, Valence=0.0001, Value=72619888.0000
  Batch 20/25: R_intrinsic=0.8494, Valence=0.0001, Value=94469840.0000
  Batch 25/25: R_intrinsic=0.8495, Valence=0.0001, Value=123623824.0000

Epoch 47 Summary:
  R_intrinsic: 0.8492
  R_curiosity: 0.0000
  R_competence: 0.7487
  R_novelty: 1.0000
  Coherence: 87813.3506
  Uncertainty: -631.1837
  Valence: 0.0001
  Eta: 87813.3506
  Epsilon: 85.8101
  Value (start): 58956.8659
  Value (end): 67817456.8800
  TD Loss: 2413423512442716.0000

Epoch 48/50
  Batch 5/25: R_intrinsic=0.8496, Valence=0.0001, Value=156404016.0000
  Batch 10/25: R_intrinsic=0.8496, Valence=0.0001, Value=200755088.0000
  Batch 15/25: R_intrinsic=0.8497, Valence=0.0001, Value=266619200.0000
  Batch 20/25: R_intrinsic=0.8497, Valence=0.0001, Value=331131712.0000
  Batch 25/25: R_intrinsic=0.8498, Valence=0.0001, Value=417446784.0000

Epoch 48 Summary:
  R_intrinsic: 0.8497
  R_curiosity: 0.0000
  R_competence: 0.7494
  R_novelty: 1.0000
  Coherence: 760058.9051
  Uncertainty: -632.6170
  Valence: 0.0001
  Eta: 760058.9051
  Epsilon: 283.7223
  Value (start): 82351.9031
  Value (end): 248540751.3600
  TD Loss: 31983343554057668.0000

Epoch 49/50
  Batch 5/25: R_intrinsic=0.8498, Valence=0.0001, Value=534220480.0000
  Batch 10/25: R_intrinsic=0.8498, Valence=0.0001, Value=638158976.0000
  Batch 15/25: R_intrinsic=0.8499, Valence=0.0001, Value=781594496.0000
  Batch 20/25: R_intrinsic=0.8499, Valence=0.0001, Value=951102656.0000
  Batch 25/25: R_intrinsic=0.8499, Valence=0.0001, Value=1186549888.0000

Epoch 49 Summary:
  R_intrinsic: 0.8499
  R_curiosity: 0.0000
  R_competence: 0.7498
  R_novelty: 1.0000
  Coherence: 4643353.6022
  Uncertainty: -633.7141
  Valence: 0.0001
  Eta: 4643353.6022
  Epsilon: 665.0880
  Value (start): 112030.5972
  Value (end): 751484225.2800
  TD Loss: 289021278622610880.0000

Epoch 50/50
  Batch 5/25: R_intrinsic=0.8499, Valence=0.0001, Value=1422641152.0000
  Batch 10/25: R_intrinsic=0.8499, Valence=0.0001, Value=1769725184.0000
  Batch 15/25: R_intrinsic=0.8499, Valence=0.0001, Value=2132803840.0000
  Batch 20/25: R_intrinsic=0.8500, Valence=0.0001, Value=2586395136.0000
  Batch 25/25: R_intrinsic=0.8500, Valence=0.0001, Value=3086057728.0000

Epoch 50 Summary:
  R_intrinsic: 0.8499
  R_curiosity: 0.0000
  R_competence: 0.7499
  R_novelty: 1.0000
  Coherence: 24328575.6667
  Uncertainty: -634.5952
  Valence: 0.0001
  Eta: 24328575.6667
  Epsilon: 1690.5320
  Value (start): 149060.9662
  Value (end): 2065636065.2800
  TD Loss: 2177444695170542592.0000
  Checkpoint saved: /home/ubuntu/adjunction-model/experiments/intrinsic_reward_baseline/checkpoints/checkpoint_epoch_50.pt

============================================================
Training completed!
============================================================

Training history saved: /home/ubuntu/adjunction-model/experiments/intrinsic_reward_baseline/results/training_history.pt
Final model saved: /home/ubuntu/adjunction-model/experiments/intrinsic_reward_baseline/results/final_model.pt

Final Metrics:
  R_intrinsic: 0.8499
  Valence: 0.0001
  Coherence: 24328575.6667
  Uncertainty: -634.5952
  Eta: 24328575.6667
  Epsilon: 1690.5320
  Value (end): 2065636065.2800

============================================================
Comparison with 2/13 Results:
============================================================
2/13 Final Metrics:
  Valence: 0.667 (started at 0.58)
  Coherence: 0.43 (stable)
  Acceleration: Valence growth accelerated in second half

Current Experiment:
  Valence: 0.0001 (started at -0.0001)
  Coherence: 24328575.6667
  First half Valence growth: -0.0005
  Second half Valence growth: 0.0007
  ✓ Valence growth accelerated (matches 2/13)
