Using device: cpu

Creating model...
F and G parameters frozen
Creating value function...
Creating trainer...
ValueBasedAgentTrainer initialized:
  Agent C parameters: 811072
  F/G parameters: 791442
  F/G frozen: True

Creating dataset...
Dataset size: 100
Batch size: 4
Episode length: 5

============================================================
Starting training...
============================================================

Epoch 1/50
  Batch 5/25: R_intrinsic=0.1019, Valence=0.0001, Value=-0.0049
  Batch 10/25: R_intrinsic=0.1017, Valence=0.0001, Value=0.0259
  Batch 15/25: R_intrinsic=0.1006, Valence=0.0000, Value=0.0002
  Batch 20/25: R_intrinsic=0.1073, Valence=0.0000, Value=0.0517
  Batch 25/25: R_intrinsic=0.1090, Valence=0.0000, Value=0.0103

Epoch 1 Summary:
  R_intrinsic: 0.1020
  R_curiosity: 0.0000
  R_competence: 0.1373
  R_novelty: 0.0491
  Coherence: 0.4746
  Uncertainty: 67.1960
  Valence: 0.0000
  Eta: 0.4746
  Epsilon: 0.0018
  Value (start): 0.0261
  Value (end): 0.0159
  TD Loss: 0.0008

Epoch 2/50
  Batch 5/25: R_intrinsic=0.0976, Valence=0.0000, Value=0.0095
  Batch 10/25: R_intrinsic=0.1171, Valence=0.0000, Value=0.0099
  Batch 15/25: R_intrinsic=0.1045, Valence=0.0000, Value=0.0847
  Batch 20/25: R_intrinsic=0.1113, Valence=0.0000, Value=0.0794
  Batch 25/25: R_intrinsic=0.1083, Valence=-0.0000, Value=0.0409

Epoch 2 Summary:
  R_intrinsic: 0.1085
  R_curiosity: 0.0000
  R_competence: 0.1374
  R_novelty: 0.0651
  Coherence: 0.4731
  Uncertainty: 67.2720
  Valence: 0.0000
  Eta: 0.4731
  Epsilon: 0.0017
  Value (start): 0.0373
  Value (end): 0.0405
  TD Loss: 0.0009

Epoch 3/50
  Batch 5/25: R_intrinsic=0.1159, Valence=-0.0000, Value=0.0647
  Batch 10/25: R_intrinsic=0.1158, Valence=-0.0000, Value=0.0523
  Batch 15/25: R_intrinsic=0.1188, Valence=-0.0000, Value=0.0333
  Batch 20/25: R_intrinsic=0.1098, Valence=-0.0000, Value=0.0434
  Batch 25/25: R_intrinsic=0.1205, Valence=-0.0000, Value=0.0519

Epoch 3 Summary:
  R_intrinsic: 0.1160
  R_curiosity: 0.0000
  R_competence: 0.1376
  R_novelty: 0.0836
  Coherence: 0.4727
  Uncertainty: 67.4231
  Valence: -0.0000
  Eta: 0.4727
  Epsilon: 0.0017
  Value (start): 0.0393
  Value (end): 0.0462
  TD Loss: 0.0009

Epoch 4/50
  Batch 5/25: R_intrinsic=0.1173, Valence=-0.0000, Value=0.0325
  Batch 10/25: R_intrinsic=0.1222, Valence=-0.0001, Value=0.0584
  Batch 15/25: R_intrinsic=0.1235, Valence=-0.0001, Value=0.0648
  Batch 20/25: R_intrinsic=0.1263, Valence=-0.0001, Value=0.0780
  Batch 25/25: R_intrinsic=0.1309, Valence=-0.0000, Value=0.0280

Epoch 4 Summary:
  R_intrinsic: 0.1236
  R_curiosity: 0.0000
  R_competence: 0.1376
  R_novelty: 0.1027
  Coherence: 0.4750
  Uncertainty: 67.5979
  Valence: -0.0001
  Eta: 0.4750
  Epsilon: 0.0016
  Value (start): 0.0424
  Value (end): 0.0467
  TD Loss: 0.0008

Epoch 5/50
  Batch 5/25: R_intrinsic=0.1253, Valence=-0.0000, Value=0.0459
  Batch 10/25: R_intrinsic=0.1455, Valence=-0.0000, Value=0.0577
  Batch 15/25: R_intrinsic=0.1463, Valence=-0.0000, Value=0.0691
  Batch 20/25: R_intrinsic=0.1531, Valence=-0.0000, Value=0.0356
  Batch 25/25: R_intrinsic=0.1501, Valence=-0.0000, Value=0.0533

Epoch 5 Summary:
  R_intrinsic: 0.1405
  R_curiosity: 0.0000
  R_competence: 0.1367
  R_novelty: 0.1461
  Coherence: 0.4742
  Uncertainty: 67.9667
  Valence: -0.0000
  Eta: 0.4742
  Epsilon: 0.0016
  Value (start): 0.0420
  Value (end): 0.0524
  TD Loss: 0.0009

Epoch 6/50
  Batch 5/25: R_intrinsic=0.1752, Valence=-0.0000, Value=0.0680
  Batch 10/25: R_intrinsic=0.1737, Valence=0.0000, Value=0.0643
  Batch 15/25: R_intrinsic=0.2007, Valence=0.0000, Value=0.0384
  Batch 20/25: R_intrinsic=0.2069, Valence=0.0000, Value=0.0747
  Batch 25/25: R_intrinsic=0.2242, Valence=0.0000, Value=0.0748

Epoch 6 Summary:
  R_intrinsic: 0.1928
  R_curiosity: 0.0000
  R_competence: 0.1371
  R_novelty: 0.2763
  Coherence: 0.4760
  Uncertainty: 68.6229
  Valence: 0.0000
  Eta: 0.4760
  Epsilon: 0.0017
  Value (start): 0.0596
  Value (end): 0.0652
  TD Loss: 0.0011

Epoch 7/50
  Batch 5/25: R_intrinsic=0.2379, Valence=0.0000, Value=0.1071
  Batch 10/25: R_intrinsic=0.2704, Valence=0.0001, Value=0.0920
  Batch 15/25: R_intrinsic=0.2869, Valence=0.0001, Value=0.0849
  Batch 20/25: R_intrinsic=0.3152, Valence=0.0001, Value=0.0824
  Batch 25/25: R_intrinsic=0.3818, Valence=0.0001, Value=0.0654

Epoch 7 Summary:
  R_intrinsic: 0.2914
  R_curiosity: 0.0000
  R_competence: 0.1377
  R_novelty: 0.5221
  Coherence: 0.4745
  Uncertainty: 70.3852
  Valence: 0.0001
  Eta: 0.4745
  Epsilon: 0.0016
  Value (start): 0.0900
  Value (end): 0.0991
  TD Loss: 0.0023

Epoch 8/50
  Batch 5/25: R_intrinsic=0.3992, Valence=0.0001, Value=0.0959
  Batch 10/25: R_intrinsic=0.4368, Valence=0.0002, Value=0.1149
  Batch 15/25: R_intrinsic=0.4545, Valence=0.0002, Value=0.1900
  Batch 20/25: R_intrinsic=0.4764, Valence=0.0002, Value=0.1732
  Batch 25/25: R_intrinsic=0.4787, Valence=0.0001, Value=0.1527

Epoch 8 Summary:
  R_intrinsic: 0.4381
  R_curiosity: 0.0000
  R_competence: 0.1353
  R_novelty: 0.8924
  Coherence: 0.4681
  Uncertainty: 75.7737
  Valence: 0.0002
  Eta: 0.4681
  Epsilon: 0.0018
  Value (start): 0.1449
  Value (end): 0.1295
  TD Loss: 0.0039

Epoch 9/50
  Batch 5/25: R_intrinsic=0.4827, Valence=0.0001, Value=0.1770
  Batch 10/25: R_intrinsic=0.4848, Valence=0.0001, Value=0.0294
  Batch 15/25: R_intrinsic=0.4735, Valence=0.0000, Value=0.1257
  Batch 20/25: R_intrinsic=0.4840, Valence=-0.0000, Value=-0.0161
  Batch 25/25: R_intrinsic=0.4760, Valence=-0.0001, Value=0.1518

Epoch 9 Summary:
  R_intrinsic: 0.4789
  R_curiosity: 0.0000
  R_competence: 0.1318
  R_novelty: 0.9995
  Coherence: 0.4535
  Uncertainty: 87.2341
  Valence: 0.0000
  Eta: 0.4535
  Epsilon: 0.0022
  Value (start): 0.1527
  Value (end): 0.1264
  TD Loss: 0.0063

Epoch 10/50
  Batch 5/25: R_intrinsic=0.4774, Valence=-0.0001, Value=0.1385
  Batch 10/25: R_intrinsic=0.4825, Valence=-0.0002, Value=0.2231
  Batch 15/25: R_intrinsic=0.4812, Valence=-0.0002, Value=0.1074
  Batch 20/25: R_intrinsic=0.4747, Valence=-0.0003, Value=-0.0290
  Batch 25/25: R_intrinsic=0.4797, Valence=-0.0003, Value=0.1460

Epoch 10 Summary:
  R_intrinsic: 0.4782
  R_curiosity: 0.0000
  R_competence: 0.1303
  R_novelty: 1.0000
  Coherence: 0.4461
  Uncertainty: 101.0581
  Valence: -0.0002
  Eta: 0.4461
  Epsilon: 0.0029
  Value (start): 0.1730
  Value (end): 0.1431
  TD Loss: 0.0060
  Checkpoint saved: /home/ubuntu/adjunction-model/experiments/intrinsic_reward_baseline/checkpoints/checkpoint_epoch_10.pt

Epoch 11/50
  Batch 5/25: R_intrinsic=0.4795, Valence=-0.0003, Value=0.1456
  Batch 10/25: R_intrinsic=0.4697, Valence=-0.0004, Value=0.1687
  Batch 15/25: R_intrinsic=0.4721, Valence=-0.0004, Value=0.0579
  Batch 20/25: R_intrinsic=0.4753, Valence=-0.0004, Value=0.0532
  Batch 25/25: R_intrinsic=0.4735, Valence=-0.0005, Value=0.3299

Epoch 11 Summary:
  R_intrinsic: 0.4749
  R_curiosity: 0.0000
  R_competence: 0.1248
  R_novelty: 1.0000
  Coherence: 0.4277
  Uncertainty: 114.7328
  Valence: -0.0004
  Eta: 0.4277
  Epsilon: 0.0037
  Value (start): 0.1553
  Value (end): 0.1572
  TD Loss: 0.0090

Epoch 12/50
  Batch 5/25: R_intrinsic=0.4688, Valence=-0.0005, Value=0.0398
  Batch 10/25: R_intrinsic=0.4667, Valence=-0.0005, Value=0.0843
  Batch 15/25: R_intrinsic=0.4670, Valence=-0.0005, Value=0.1054
  Batch 20/25: R_intrinsic=0.4701, Valence=-0.0006, Value=0.1814
  Batch 25/25: R_intrinsic=0.4646, Valence=-0.0006, Value=0.2407

Epoch 12 Summary:
  R_intrinsic: 0.4702
  R_curiosity: 0.0000
  R_competence: 0.1170
  R_novelty: 1.0000
  Coherence: 0.4006
  Uncertainty: 125.1109
  Valence: -0.0005
  Eta: 0.4006
  Epsilon: 0.0043
  Value (start): 0.1584
  Value (end): 0.1638
  TD Loss: 0.0108

Epoch 13/50
  Batch 5/25: R_intrinsic=0.4643, Valence=-0.0006, Value=0.2304
  Batch 10/25: R_intrinsic=0.4659, Valence=-0.0007, Value=0.2630
  Batch 15/25: R_intrinsic=0.4655, Valence=-0.0007, Value=0.0673
  Batch 20/25: R_intrinsic=0.4665, Valence=-0.0007, Value=0.3475
  Batch 25/25: R_intrinsic=0.4652, Valence=-0.0007, Value=0.1883

Epoch 13 Summary:
  R_intrinsic: 0.4659
  R_curiosity: 0.0000
  R_competence: 0.1099
  R_novelty: 1.0000
  Coherence: 0.3738
  Uncertainty: 134.3935
  Valence: -0.0007
  Eta: 0.3738
  Epsilon: 0.0056
  Value (start): 0.1705
  Value (end): 0.1457
  TD Loss: 0.0151

Epoch 14/50
  Batch 5/25: R_intrinsic=0.4682, Valence=-0.0007, Value=0.1735
  Batch 10/25: R_intrinsic=0.4664, Valence=-0.0007, Value=0.0924
  Batch 15/25: R_intrinsic=0.4637, Valence=-0.0007, Value=0.3207
  Batch 20/25: R_intrinsic=0.4740, Valence=-0.0007, Value=0.1390
  Batch 25/25: R_intrinsic=0.4568, Valence=-0.0007, Value=0.2623

Epoch 14 Summary:
  R_intrinsic: 0.4625
  R_curiosity: 0.0000
  R_competence: 0.1042
  R_novelty: 1.0000
  Coherence: 0.3521
  Uncertainty: 136.7270
  Valence: -0.0007
  Eta: 0.3521
  Epsilon: 0.0066
  Value (start): 0.1560
  Value (end): 0.1642
  TD Loss: 0.0145

Epoch 15/50
  Batch 5/25: R_intrinsic=0.4591, Valence=-0.0006, Value=0.2622
  Batch 10/25: R_intrinsic=0.4594, Valence=-0.0006, Value=0.2724
  Batch 15/25: R_intrinsic=0.4543, Valence=-0.0005, Value=0.1946
  Batch 20/25: R_intrinsic=0.4583, Valence=-0.0005, Value=0.2705
  Batch 25/25: R_intrinsic=0.4625, Valence=-0.0004, Value=0.2291

Epoch 15 Summary:
  R_intrinsic: 0.4601
  R_curiosity: 0.0000
  R_competence: 0.1002
  R_novelty: 1.0000
  Coherence: 0.3412
  Uncertainty: 137.1666
  Valence: -0.0006
  Eta: 0.3412
  Epsilon: 0.0086
  Value (start): 0.1662
  Value (end): 0.1950
  TD Loss: 0.0143

Epoch 16/50
  Batch 5/25: R_intrinsic=0.4555, Valence=-0.0004, Value=0.0580
  Batch 10/25: R_intrinsic=0.4572, Valence=-0.0004, Value=0.0762
  Batch 15/25: R_intrinsic=0.4465, Valence=-0.0003, Value=0.1468
  Batch 20/25: R_intrinsic=0.4575, Valence=-0.0003, Value=0.0807
  Batch 25/25: R_intrinsic=0.4661, Valence=-0.0002, Value=0.0542

Epoch 16 Summary:
  R_intrinsic: 0.4573
  R_curiosity: 0.0000
  R_competence: 0.0954
  R_novelty: 1.0000
  Coherence: 0.3218
  Uncertainty: 137.8589
  Valence: -0.0003
  Eta: 0.3218
  Epsilon: 0.0093
  Value (start): 0.1636
  Value (end): 0.1422
  TD Loss: 0.0088

Epoch 17/50
  Batch 5/25: R_intrinsic=0.4539, Valence=-0.0002, Value=0.1818
  Batch 10/25: R_intrinsic=0.4477, Valence=-0.0001, Value=0.0442
  Batch 15/25: R_intrinsic=0.4608, Valence=-0.0001, Value=0.1417
  Batch 20/25: R_intrinsic=0.4597, Valence=-0.0000, Value=0.1437
  Batch 25/25: R_intrinsic=0.4488, Valence=0.0000, Value=0.1650

Epoch 17 Summary:
  R_intrinsic: 0.4547
  R_curiosity: 0.0000
  R_competence: 0.0912
  R_novelty: 1.0000
  Coherence: 0.3116
  Uncertainty: 130.8584
  Valence: -0.0001
  Eta: 0.3116
  Epsilon: 0.0106
  Value (start): 0.1551
  Value (end): 0.1509
  TD Loss: 0.0093

Epoch 18/50
  Batch 5/25: R_intrinsic=0.4502, Valence=0.0001, Value=0.1571
  Batch 10/25: R_intrinsic=0.4434, Valence=0.0001, Value=0.0654
  Batch 15/25: R_intrinsic=0.4496, Valence=0.0002, Value=0.1279
  Batch 20/25: R_intrinsic=0.4491, Valence=0.0002, Value=0.1363
  Batch 25/25: R_intrinsic=0.4474, Valence=0.0003, Value=0.2143

Epoch 18 Summary:
  R_intrinsic: 0.4507
  R_curiosity: 0.0000
  R_competence: 0.0845
  R_novelty: 1.0000
  Coherence: 0.2823
  Uncertainty: 121.7595
  Valence: 0.0002
  Eta: 0.2823
  Epsilon: 0.0123
  Value (start): 0.1593
  Value (end): 0.1520
  TD Loss: 0.0082

Epoch 19/50
  Batch 5/25: R_intrinsic=0.4446, Valence=0.0003, Value=0.1536
  Batch 10/25: R_intrinsic=0.4472, Valence=0.0004, Value=0.1975
  Batch 15/25: R_intrinsic=0.4468, Valence=0.0004, Value=0.1209
  Batch 20/25: R_intrinsic=0.4546, Valence=0.0005, Value=0.1428
  Batch 25/25: R_intrinsic=0.4536, Valence=0.0005, Value=0.1517

Epoch 19 Summary:
  R_intrinsic: 0.4506
  R_curiosity: 0.0000
  R_competence: 0.0844
  R_novelty: 1.0000
  Coherence: 0.2897
  Uncertainty: 115.9193
  Valence: 0.0004
  Eta: 0.2897
  Epsilon: 0.0147
  Value (start): 0.1459
  Value (end): 0.1465
  TD Loss: 0.0061

Epoch 20/50
  Batch 5/25: R_intrinsic=0.4572, Valence=0.0006, Value=0.2060
  Batch 10/25: R_intrinsic=0.4547, Valence=0.0006, Value=0.0914
  Batch 15/25: R_intrinsic=0.4552, Valence=0.0006, Value=0.1296
  Batch 20/25: R_intrinsic=0.4545, Valence=0.0007, Value=0.1417
  Batch 25/25: R_intrinsic=0.4607, Valence=0.0007, Value=0.2222

Epoch 20 Summary:
  R_intrinsic: 0.4568
  R_curiosity: 0.0000
  R_competence: 0.0947
  R_novelty: 1.0000
  Coherence: 0.3304
  Uncertainty: 112.2426
  Valence: 0.0006
  Eta: 0.3304
  Epsilon: 0.0146
  Value (start): 0.1535
  Value (end): 0.1442
  TD Loss: 0.0070
  Checkpoint saved: /home/ubuntu/adjunction-model/experiments/intrinsic_reward_baseline/checkpoints/checkpoint_epoch_20.pt

Epoch 21/50
  Batch 5/25: R_intrinsic=0.4584, Valence=0.0007, Value=0.1477
  Batch 10/25: R_intrinsic=0.4667, Valence=0.0007, Value=0.1447
  Batch 15/25: R_intrinsic=0.4696, Valence=0.0007, Value=0.1601
  Batch 20/25: R_intrinsic=0.4809, Valence=0.0007, Value=0.1325
  Batch 25/25: R_intrinsic=0.4765, Valence=0.0007, Value=0.1924

Epoch 21 Summary:
  R_intrinsic: 0.4688
  R_curiosity: 0.0000
  R_competence: 0.1146
  R_novelty: 1.0000
  Coherence: 0.4052
  Uncertainty: 105.4411
  Valence: 0.0007
  Eta: 0.4052
  Epsilon: 0.0163
  Value (start): 0.1560
  Value (end): 0.1303
  TD Loss: 0.0051

Epoch 22/50
  Batch 5/25: R_intrinsic=0.4730, Valence=0.0007, Value=0.2040
  Batch 10/25: R_intrinsic=0.4814, Valence=0.0007, Value=0.1469
  Batch 15/25: R_intrinsic=0.4840, Valence=0.0007, Value=0.1193
  Batch 20/25: R_intrinsic=0.4768, Valence=0.0007, Value=0.1245
  Batch 25/25: R_intrinsic=0.4883, Valence=0.0007, Value=0.1683

Epoch 22 Summary:
  R_intrinsic: 0.4828
  R_curiosity: 0.0000
  R_competence: 0.1380
  R_novelty: 1.0000
  Coherence: 0.4960
  Uncertainty: 101.5542
  Valence: 0.0007
  Eta: 0.4960
  Epsilon: 0.0194
  Value (start): 0.1562
  Value (end): 0.1669
  TD Loss: 0.0082

Epoch 23/50
  Batch 5/25: R_intrinsic=0.4914, Valence=0.0007, Value=0.1436
  Batch 10/25: R_intrinsic=0.4893, Valence=0.0007, Value=0.1631
  Batch 15/25: R_intrinsic=0.4968, Valence=0.0006, Value=0.0918
  Batch 20/25: R_intrinsic=0.4973, Valence=0.0006, Value=0.1262
  Batch 25/25: R_intrinsic=0.5075, Valence=0.0005, Value=0.4326

Epoch 23 Summary:
  R_intrinsic: 0.4983
  R_curiosity: 0.0000
  R_competence: 0.1639
  R_novelty: 1.0000
  Coherence: 0.6002
  Uncertainty: 97.2623
  Valence: 0.0006
  Eta: 0.6002
  Epsilon: 0.0211
  Value (start): 0.1498
  Value (end): 0.1751
  TD Loss: 0.0128

Epoch 24/50
  Batch 5/25: R_intrinsic=0.5148, Valence=0.0005, Value=2.1919
  Batch 10/25: R_intrinsic=0.5231, Valence=0.0005, Value=5.6486
  Batch 15/25: R_intrinsic=0.5548, Valence=0.0004, Value=11.3509
  Batch 20/25: R_intrinsic=0.6070, Valence=0.0004, Value=32.0561
  Batch 25/25: R_intrinsic=0.6390, Valence=0.0003, Value=74.4748

Epoch 24 Summary:
  R_intrinsic: 0.5598
  R_curiosity: 0.0000
  R_competence: 0.2663
  R_novelty: 1.0000
  Coherence: 1.0878
  Uncertainty: 82.6354
  Valence: 0.0004
  Eta: 1.0878
  Epsilon: 0.0306
  Value (start): 8.1734
  Value (end): 18.5925
  TD Loss: 257.2641

Epoch 25/50
  Batch 5/25: R_intrinsic=0.7102, Valence=0.0003, Value=206.8713
  Batch 10/25: R_intrinsic=0.7371, Valence=0.0003, Value=419.9279
  Batch 15/25: R_intrinsic=0.7530, Valence=0.0003, Value=735.3129
  Batch 20/25: R_intrinsic=0.7773, Valence=0.0003, Value=1567.4406
  Batch 25/25: R_intrinsic=0.7925, Valence=0.0003, Value=2521.1526

Epoch 25 Summary:
  R_intrinsic: 0.7428
  R_curiosity: 0.0000
  R_competence: 0.5714
  R_novelty: 1.0000
  Coherence: 5.1280
  Uncertainty: 16.0803
  Valence: 0.0003
  Eta: 5.1280
  Epsilon: 0.1374
  Value (start): 133.6759
  Value (end): 879.8698
  TD Loss: 439531.8354

Epoch 26/50
  Batch 5/25: R_intrinsic=0.7943, Valence=0.0003, Value=4242.8159
  Batch 10/25: R_intrinsic=0.7942, Valence=0.0003, Value=6001.8496
  Batch 15/25: R_intrinsic=0.8043, Valence=0.0003, Value=9664.9785
  Batch 20/25: R_intrinsic=0.8136, Valence=0.0003, Value=15224.3594
  Batch 25/25: R_intrinsic=0.8163, Valence=0.0003, Value=22988.2637

Epoch 26 Summary:
  R_intrinsic: 0.8036
  R_curiosity: 0.0000
  R_competence: 0.6727
  R_novelty: 1.0000
  Coherence: 16.3211
  Uncertainty: -73.9811
  Valence: 0.0003
  Eta: 16.3211
  Epsilon: 0.3764
  Value (start): 625.8635
  Value (end): 9711.5478
  TD Loss: 43810126.0337

Epoch 27/50
  Batch 5/25: R_intrinsic=0.8243, Valence=0.0003, Value=34723.2422
  Batch 10/25: R_intrinsic=0.8237, Valence=0.0003, Value=48997.9844
  Batch 15/25: R_intrinsic=0.8248, Valence=0.0003, Value=60892.9414
  Batch 20/25: R_intrinsic=0.8268, Valence=0.0003, Value=83159.9766
  Batch 25/25: R_intrinsic=0.8328, Valence=0.0003, Value=122362.7578

Epoch 27 Summary:
  R_intrinsic: 0.8249
  R_curiosity: 0.0000
  R_competence: 0.7081
  R_novelty: 1.0000
  Coherence: 45.7939
  Uncertainty: -106.4402
  Valence: 0.0003
  Eta: 45.7939
  Epsilon: 1.0593
  Value (start): 1755.1772
  Value (end): 62256.4154
  TD Loss: 1760690564.1500

Epoch 28/50
  Batch 5/25: R_intrinsic=0.8304, Valence=0.0003, Value=154987.0312
  Batch 10/25: R_intrinsic=0.8341, Valence=0.0003, Value=184581.3594
  Batch 15/25: R_intrinsic=0.8385, Valence=0.0003, Value=284537.3438
  Batch 20/25: R_intrinsic=0.8366, Valence=0.0003, Value=337563.8125
  Batch 25/25: R_intrinsic=0.8381, Valence=0.0003, Value=522164.7188

Epoch 28 Summary:
  R_intrinsic: 0.8357
  R_curiosity: 0.0000
  R_competence: 0.7261
  R_novelty: 1.0000
  Coherence: 115.8117
  Uncertainty: -106.0503
  Valence: 0.0003
  Eta: 115.8117
  Epsilon: 2.5392
  Value (start): 3773.3436
  Value (end): 270057.4909
  TD Loss: 33488425980.0400

Epoch 29/50
  Batch 5/25: R_intrinsic=0.8377, Valence=0.0003, Value=550741.0625
  Batch 10/25: R_intrinsic=0.8408, Valence=0.0003, Value=785997.1875
  Batch 15/25: R_intrinsic=0.8406, Valence=0.0003, Value=989705.1250
  Batch 20/25: R_intrinsic=0.8413, Valence=0.0003, Value=1163449.1250
  Batch 25/25: R_intrinsic=0.8446, Valence=0.0003, Value=1592463.0000

Epoch 29 Summary:
  R_intrinsic: 0.8411
  R_curiosity: 0.0000
  R_competence: 0.7351
  R_novelty: 1.0000
  Coherence: 292.9519
  Uncertainty: -110.9470
  Valence: 0.0003
  Eta: 292.9519
  Epsilon: 5.6675
  Value (start): 7011.1012
  Value (end): 932761.2762
  TD Loss: 406203624109.1200

Epoch 30/50
  Batch 5/25: R_intrinsic=0.8452, Valence=0.0003, Value=2006106.0000
  Batch 10/25: R_intrinsic=0.8450, Valence=0.0003, Value=2451231.5000
  Batch 15/25: R_intrinsic=0.8453, Valence=0.0003, Value=3174273.0000
  Batch 20/25: R_intrinsic=0.8457, Valence=0.0003, Value=3749064.2500
  Batch 25/25: R_intrinsic=0.8459, Valence=0.0003, Value=4563855.0000

Epoch 30 Summary:
  R_intrinsic: 0.8451
  R_curiosity: 0.0000
  R_competence: 0.7418
  R_novelty: 1.0000
  Coherence: 836.6899
  Uncertainty: -118.6473
  Valence: 0.0003
  Eta: 836.6899
  Epsilon: 12.9650
  Value (start): 11826.3338
  Value (end): 2850046.0900
  TD Loss: 3745459493250.5601
  Checkpoint saved: /home/ubuntu/adjunction-model/experiments/intrinsic_reward_baseline/checkpoints/checkpoint_epoch_30.pt

Epoch 31/50
  Batch 5/25: R_intrinsic=0.8469, Valence=0.0003, Value=5547250.0000
  Batch 10/25: R_intrinsic=0.8473, Valence=0.0003, Value=6791491.0000
  Batch 15/25: R_intrinsic=0.8472, Valence=0.0003, Value=7454640.0000
  Batch 20/25: R_intrinsic=0.8475, Valence=0.0003, Value=9979390.0000
  Batch 25/25: R_intrinsic=0.8480, Valence=0.0003, Value=12550016.0000

Epoch 31 Summary:
  R_intrinsic: 0.8473
  R_curiosity: 0.0000
  R_competence: 0.7455
  R_novelty: 1.0000
  Coherence: 2678.5774
  Uncertainty: -120.4988
  Valence: 0.0003
  Eta: 2678.5774
  Epsilon: 27.1910
  Value (start): 18575.6075
  Value (end): 8077592.3600
  TD Loss: 30906090207866.8789

Epoch 32/50
  Batch 5/25: R_intrinsic=0.8478, Valence=0.0003, Value=15591665.0000
  Batch 10/25: R_intrinsic=0.8487, Valence=0.0003, Value=17617026.0000
  Batch 15/25: R_intrinsic=0.8485, Valence=0.0003, Value=21157922.0000
  Batch 20/25: R_intrinsic=0.8488, Valence=0.0003, Value=29074686.0000
  Batch 25/25: R_intrinsic=0.8492, Valence=0.0003, Value=34917860.0000

Epoch 32 Summary:
  R_intrinsic: 0.8486
  R_curiosity: 0.0000
  R_competence: 0.7477
  R_novelty: 1.0000
  Coherence: 9673.3100
  Uncertainty: -130.2398
  Valence: 0.0003
  Eta: 9673.3100
  Epsilon: 66.9644
  Value (start): 27740.9016
  Value (end): 21962994.3200
  TD Loss: 231095670779883.5312

Epoch 33/50
  Batch 5/25: R_intrinsic=0.8491, Valence=0.0003, Value=43926340.0000
  Batch 10/25: R_intrinsic=0.8492, Valence=0.0003, Value=52249528.0000
  Batch 15/25: R_intrinsic=0.8493, Valence=0.0003, Value=64534548.0000
  Batch 20/25: R_intrinsic=0.8494, Valence=0.0003, Value=64287848.0000
  Batch 25/25: R_intrinsic=0.8493, Valence=0.0003, Value=84701120.0000

Epoch 33 Summary:
  R_intrinsic: 0.8492
  R_curiosity: 0.0000
  R_competence: 0.7487
  R_novelty: 1.0000
  Coherence: 37009.5596
  Uncertainty: -134.9074
  Valence: 0.0003
  Eta: 37009.5596
  Epsilon: 169.7165
  Value (start): 39663.9241
  Value (end): 57040545.6800
  TD Loss: 1590100073232466.0000

Epoch 34/50
  Batch 5/25: R_intrinsic=0.8493, Valence=0.0003, Value=88463464.0000
  Batch 10/25: R_intrinsic=0.8496, Valence=0.0003, Value=117017344.0000
  Batch 15/25: R_intrinsic=0.8497, Valence=0.0003, Value=154230224.0000
  Batch 20/25: R_intrinsic=0.8498, Valence=0.0003, Value=196691024.0000
  Batch 25/25: R_intrinsic=0.8499, Valence=0.0003, Value=261949840.0000

Epoch 34 Summary:
  R_intrinsic: 0.8497
  R_curiosity: 0.0000
  R_competence: 0.7494
  R_novelty: 1.0000
  Coherence: 148056.2758
  Uncertainty: -129.6216
  Valence: 0.0003
  Eta: 148056.2758
  Epsilon: 347.6787
  Value (start): 54982.7641
  Value (end): 145900894.0800
  TD Loss: 10600016247566336.0000

Epoch 35/50
  Batch 5/25: R_intrinsic=0.8498, Valence=0.0003, Value=243667440.0000
  Batch 10/25: R_intrinsic=0.8498, Valence=0.0003, Value=335385888.0000
  Batch 15/25: R_intrinsic=0.8499, Valence=0.0003, Value=401648992.0000
  Batch 20/25: R_intrinsic=0.8498, Valence=0.0003, Value=414016448.0000
  Batch 25/25: R_intrinsic=0.8499, Valence=0.0003, Value=538729664.0000

Epoch 35 Summary:
  R_intrinsic: 0.8498
  R_curiosity: 0.0000
  R_competence: 0.7497
  R_novelty: 1.0000
  Coherence: 595167.0946
  Uncertainty: -123.9592
  Valence: 0.0003
  Eta: 595167.0946
  Epsilon: 670.8965
  Value (start): 74508.4495
  Value (end): 367587718.4000
  TD Loss: 67108830680141008.0000

Epoch 36/50
  Batch 5/25: R_intrinsic=0.8499, Valence=0.0003, Value=793158656.0000
  Batch 10/25: R_intrinsic=0.8499, Valence=0.0003, Value=864922624.0000
  Batch 15/25: R_intrinsic=0.8499, Valence=0.0003, Value=920895552.0000
  Batch 20/25: R_intrinsic=0.8499, Valence=0.0003, Value=1228074368.0000
  Batch 25/25: R_intrinsic=0.8499, Valence=0.0003, Value=1258816000.0000

Epoch 36 Summary:
  R_intrinsic: 0.8499
  R_curiosity: 0.0000
  R_competence: 0.7499
  R_novelty: 1.0000
  Coherence: 2535637.9607
  Uncertainty: -127.8556
  Valence: 0.0003
  Eta: 2535637.9607
  Epsilon: 1194.6112
  Value (start): 98771.7544
  Value (end): 924015907.8400
  TD Loss: 425977506171804736.0000

Epoch 37/50
  Batch 5/25: R_intrinsic=0.8500, Valence=0.0003, Value=1725390208.0000
  Batch 10/25: R_intrinsic=0.8500, Valence=0.0003, Value=1806734464.0000
  Batch 15/25: R_intrinsic=0.8500, Valence=0.0003, Value=2309276416.0000
  Batch 20/25: R_intrinsic=0.8500, Valence=0.0003, Value=2559629312.0000
  Batch 25/25: R_intrinsic=0.8500, Valence=0.0003, Value=3431917824.0000

Epoch 37 Summary:
  R_intrinsic: 0.8500
  R_curiosity: 0.0000
  R_competence: 0.7500
  R_novelty: 1.0000
  Coherence: 10508633.3456
  Uncertainty: -133.8429
  Valence: 0.0003
  Eta: 10508633.3456
  Epsilon: 2068.2441
  Value (start): 128968.1672
  Value (end): 2247673891.8400
  TD Loss: 2566819269085912064.0000

Epoch 38/50
  Batch 5/25: R_intrinsic=0.8500, Valence=0.0003, Value=3709668096.0000
  Batch 10/25: R_intrinsic=0.8500, Valence=0.0003, Value=4744852992.0000
  Batch 15/25: R_intrinsic=0.8500, Valence=0.0003, Value=6317894656.0000
  Batch 20/25: R_intrinsic=0.8500, Valence=0.0003, Value=6323650560.0000
  Batch 25/25: R_intrinsic=0.8500, Valence=0.0003, Value=7920322048.0000

Epoch 38 Summary:
  R_intrinsic: 0.8500
  R_curiosity: 0.0000
  R_competence: 0.7500
  R_novelty: 1.0000
  Coherence: 36581465.9990
  Uncertainty: -128.3171
  Valence: 0.0003
  Eta: 36581465.9990
  Epsilon: 8017.7190
  Value (start): 172909.0669
  Value (end): 5283831623.6800
  TD Loss: 14304492477158371328.0000

Epoch 39/50
  Batch 5/25: R_intrinsic=0.8500, Valence=0.0003, Value=9980726272.0000
  Batch 10/25: R_intrinsic=0.8500, Valence=0.0003, Value=10209815552.0000
  Batch 15/25: R_intrinsic=0.8500, Valence=0.0003, Value=14559781888.0000
  Batch 20/25: R_intrinsic=0.8500, Valence=0.0003, Value=16539740160.0000
  Batch 25/25: R_intrinsic=0.8500, Valence=0.0003, Value=24114173952.0000

Epoch 39 Summary:
  R_intrinsic: 0.8500
  R_curiosity: 0.0000
  R_competence: 0.7500
  R_novelty: 1.0000
  Coherence: 159138354.3971
  Uncertainty: -120.8498
  Valence: 0.0003
  Eta: 159138354.3971
  Epsilon: 9622.0626
  Value (start): 237385.8469
  Value (end): 13877516328.9600
  TD Loss: 99596693680849928192.0000

Epoch 40/50
  Batch 5/25: R_intrinsic=0.8500, Valence=0.0003, Value=26173261824.0000
  Batch 10/25: R_intrinsic=0.8500, Valence=0.0003, Value=31227428864.0000
  Batch 15/25: R_intrinsic=0.8500, Valence=0.0003, Value=32113303552.0000
  Batch 20/25: R_intrinsic=0.8500, Valence=0.0003, Value=41235890176.0000
  Batch 25/25: R_intrinsic=0.8500, Valence=0.0003, Value=49812942848.0000

Epoch 40 Summary:
  R_intrinsic: 0.8500
  R_curiosity: 0.0000
  R_competence: 0.7500
  R_novelty: 1.0000
  Coherence: 570396479.4618
  Uncertainty: -114.5710
  Valence: 0.0003
  Eta: 570396479.4618
  Epsilon: 13122.7129
  Value (start): 320452.6150
  Value (end): 33731819192.3200
  TD Loss: 576641282049522466816.0000
  Checkpoint saved: /home/ubuntu/adjunction-model/experiments/intrinsic_reward_baseline/checkpoints/checkpoint_epoch_40.pt

Epoch 41/50
  Batch 5/25: R_intrinsic=0.8500, Valence=0.0003, Value=63487430656.0000
  Batch 10/25: R_intrinsic=0.8500, Valence=0.0003, Value=62469750784.0000
  Batch 15/25: R_intrinsic=0.8500, Valence=0.0003, Value=76859113472.0000
  Batch 20/25: R_intrinsic=0.8500, Valence=0.0003, Value=113493295104.0000
  Batch 25/25: R_intrinsic=0.8500, Valence=0.0003, Value=114782461952.0000

Epoch 41 Summary:
  R_intrinsic: 0.8500
  R_curiosity: 0.0000
  R_competence: 0.7500
  R_novelty: 1.0000
  Coherence: 2130210449.2816
  Uncertainty: -108.3074
  Valence: 0.0003
  Eta: 2130210449.2816
  Epsilon: 24911.2604
  Value (start): 413626.8212
  Value (end): 78294165749.7600
  TD Loss: 3097336515727454633984.0000

Epoch 42/50
  Batch 5/25: R_intrinsic=0.8500, Valence=0.0003, Value=130773647360.0000
  Batch 10/25: R_intrinsic=0.8500, Valence=0.0003, Value=152305844224.0000
  Batch 15/25: R_intrinsic=0.8500, Valence=0.0003, Value=178484215808.0000
  Batch 20/25: R_intrinsic=0.8500, Valence=0.0003, Value=198468370432.0000
  Batch 25/25: R_intrinsic=0.8500, Valence=0.0003, Value=242892816384.0000

Epoch 42 Summary:
  R_intrinsic: 0.8500
  R_curiosity: 0.0000
  R_competence: 0.7500
  R_novelty: 1.0000
  Coherence: 7636686831.4124
  Uncertainty: -105.8918
  Valence: 0.0003
  Eta: 7636686831.4124
  Epsilon: 66690.7854
  Value (start): 510521.6437
  Value (end): 170897631150.0800
  TD Loss: 14726393867085771964416.0000

Epoch 43/50
  Batch 5/25: R_intrinsic=0.8500, Valence=0.0003, Value=289582710784.0000
  Batch 10/25: R_intrinsic=0.8500, Valence=0.0003, Value=308675969024.0000
  Batch 15/25: R_intrinsic=0.8500, Valence=0.0003, Value=336514220032.0000
  Batch 20/25: R_intrinsic=0.8500, Valence=0.0003, Value=503492870144.0000
  Batch 25/25: R_intrinsic=0.8500, Valence=0.0003, Value=508562276352.0000

Epoch 43 Summary:
  R_intrinsic: 0.8500
  R_curiosity: 0.0000
  R_competence: 0.7500
  R_novelty: 1.0000
  Coherence: 25239758723.9027
  Uncertainty: -105.7251
  Valence: 0.0003
  Eta: 25239758723.9027
  Epsilon: 136720.1472
  Value (start): 623128.3950
  Value (end): 361575679262.7200
  TD Loss: 65098659665775716990976.0000

Epoch 44/50
  Batch 5/25: R_intrinsic=0.8500, Valence=0.0003, Value=593954209792.0000
  Batch 10/25: R_intrinsic=0.8500, Valence=0.0003, Value=660507787264.0000
  Batch 15/25: R_intrinsic=0.8500, Valence=0.0003, Value=802329657344.0000
  Batch 20/25: R_intrinsic=0.8500, Valence=0.0003, Value=952981782528.0000
  Batch 25/25: R_intrinsic=0.8500, Valence=0.0003, Value=1181805576192.0000

Epoch 44 Summary:
  R_intrinsic: 0.8500
  R_curiosity: 0.0000
  R_competence: 0.7500
  R_novelty: 1.0000
  Coherence: 93958393089.8829
  Uncertainty: -100.6164
  Valence: 0.0003
  Eta: 93958393089.8829
  Epsilon: 287865.1429
  Value (start): 756238.5800
  Value (end): 802993780817.9200
  TD Loss: 324959962008877227048960.0000

Epoch 45/50
  Batch 5/25: R_intrinsic=0.8500, Valence=0.0003, Value=1584095821824.0000
  Batch 10/25: R_intrinsic=0.8500, Valence=0.0003, Value=1414229524480.0000
  Batch 15/25: R_intrinsic=0.8500, Valence=0.0003, Value=1817639124992.0000
  Batch 20/25: R_intrinsic=0.8500, Valence=0.0003, Value=2148129701888.0000
  Batch 25/25: R_intrinsic=0.8500, Valence=0.0003, Value=2287798321152.0000

Epoch 45 Summary:
  R_intrinsic: 0.8500
  R_curiosity: 0.0000
  R_competence: 0.7500
  R_novelty: 1.0000
  Coherence: 325775773955.8420
  Uncertainty: -98.5965
  Valence: 0.0003
  Eta: 325775773955.8420
  Epsilon: 597004.5640
  Value (start): 913034.4950
  Value (end): 1712579726540.8000
  TD Loss: 1488008974688066773975040.0000

Epoch 46/50
  Batch 5/25: R_intrinsic=0.8500, Valence=0.0003, Value=2740087947264.0000
  Batch 10/25: R_intrinsic=0.8500, Valence=0.0003, Value=2802164695040.0000
  Batch 15/25: R_intrinsic=0.8500, Valence=0.0003, Value=3504925573120.0000
  Batch 20/25: R_intrinsic=0.8500, Valence=0.0003, Value=4193656766464.0000
  Batch 25/25: R_intrinsic=0.8500, Valence=0.0003, Value=4504434507776.0000

Epoch 46 Summary:
  R_intrinsic: 0.8500
  R_curiosity: 0.0000
  R_competence: 0.7500
  R_novelty: 1.0000
  Coherence: 1009070278676.8274
  Uncertainty: -108.5608
  Valence: 0.0003
  Eta: 1009070278676.8274
  Epsilon: 1140111.5642
  Value (start): 1094485.9925
  Value (end): 3395095326883.8398
  TD Loss: 5804544059276108385746944.0000

Epoch 47/50
  Batch 5/25: R_intrinsic=0.8500, Valence=0.0003, Value=3853058310144.0000
  Batch 10/25: R_intrinsic=0.8500, Valence=0.0003, Value=6221335101440.0000
  Batch 15/25: R_intrinsic=0.8500, Valence=0.0003, Value=8952939020288.0000
  Batch 20/25: R_intrinsic=0.8500, Valence=0.0003, Value=8910590181376.0000
  Batch 25/25: R_intrinsic=0.8500, Valence=0.0003, Value=11842889973760.0000

Epoch 47 Summary:
  R_intrinsic: 0.8500
  R_curiosity: 0.0000
  R_competence: 0.7500
  R_novelty: 1.0000
  Coherence: 3482190731791.1938
  Uncertainty: -100.4917
  Valence: 0.0003
  Eta: 3482190731791.1938
  Epsilon: 2167924.7117
  Value (start): 1308209.0350
  Value (end): 6921758871388.1602
  TD Loss: 24480891494355249292902400.0000

Epoch 48/50
  Batch 5/25: R_intrinsic=0.8500, Valence=0.0003, Value=10362171686912.0000
  Batch 10/25: R_intrinsic=0.8500, Valence=0.0003, Value=10456385191936.0000
  Batch 15/25: R_intrinsic=0.8500, Valence=0.0003, Value=15444216905728.0000
  Batch 20/25: R_intrinsic=0.8500, Valence=0.0003, Value=15321067945984.0000
  Batch 25/25: R_intrinsic=0.8500, Valence=0.0003, Value=19392169508864.0000

Epoch 48 Summary:
  R_intrinsic: 0.8500
  R_curiosity: 0.0000
  R_competence: 0.7500
  R_novelty: 1.0000
  Coherence: 9195437590434.3867
  Uncertainty: -90.0664
  Valence: 0.0003
  Eta: 9195437590434.3867
  Epsilon: 3747467.2683
  Value (start): 1551481.1250
  Value (end): 13225190553026.5605
  TD Loss: 86413715175139314140971008.0000

Epoch 49/50
  Batch 5/25: R_intrinsic=0.8500, Valence=0.0003, Value=22020563664896.0000
  Batch 10/25: R_intrinsic=0.8500, Valence=0.0003, Value=18170312130560.0000
  Batch 15/25: R_intrinsic=0.8500, Valence=0.0003, Value=26236483010560.0000
  Batch 20/25: R_intrinsic=0.8500, Valence=0.0003, Value=35791535341568.0000
  Batch 25/25: R_intrinsic=0.8500, Valence=0.0003, Value=44351841370112.0000

Epoch 49 Summary:
  R_intrinsic: 0.8500
  R_curiosity: 0.0000
  R_competence: 0.7500
  R_novelty: 1.0000
  Coherence: 33124105007271.1992
  Uncertainty: -99.7909
  Valence: 0.0003
  Eta: 33124105007271.1992
  Epsilon: 6754929.2925
  Value (start): 1838740.1500
  Value (end): 27375393119928.3203
  TD Loss: 379222512565040523623006208.0000

Epoch 50/50
  Batch 5/25: R_intrinsic=0.8500, Valence=0.0003, Value=45587948896256.0000
  Batch 10/25: R_intrinsic=0.8500, Valence=0.0003, Value=43229886021632.0000
  Batch 15/25: R_intrinsic=0.8500, Valence=0.0003, Value=65125402804224.0000
  Batch 20/25: R_intrinsic=0.8500, Valence=0.0003, Value=62452192509952.0000
  Batch 25/25: R_intrinsic=0.8500, Valence=0.0003, Value=63136879083520.0000

Epoch 50 Summary:
  R_intrinsic: 0.8500
  R_curiosity: 0.0000
  R_competence: 0.7500
  R_novelty: 1.0000
  Coherence: 96945005273347.7656
  Uncertainty: -96.6550
  Valence: 0.0003
  Eta: 96945005273347.7656
  Epsilon: 13178815.5671
  Value (start): 2166395.5250
  Value (end): 52968886097674.2422
  TD Loss: 1421963262200310160320102400.0000
  Checkpoint saved: /home/ubuntu/adjunction-model/experiments/intrinsic_reward_baseline/checkpoints/checkpoint_epoch_50.pt

============================================================
Training completed!
============================================================

Training history saved: /home/ubuntu/adjunction-model/experiments/intrinsic_reward_baseline/results/training_history.pt
Final model saved: /home/ubuntu/adjunction-model/experiments/intrinsic_reward_baseline/results/final_model.pt

Final Metrics:
  R_intrinsic: 0.8500
  Valence: 0.0003
  Coherence: 96945005273347.7656
  Uncertainty: -96.6550
  Eta: 96945005273347.7656
  Epsilon: 13178815.5671
  Value (end): 52968886097674.2422

============================================================
Comparison with 2/13 Results:
============================================================
2/13 Final Metrics:
  Valence: 0.667 (started at 0.58)
  Coherence: 0.43 (stable)
  Acceleration: Valence growth accelerated in second half

Current Experiment:
  Valence: 0.0003 (started at 0.0000)
  Coherence: 96945005273347.7656
  First half Valence growth: 0.0002
  Second half Valence growth: 0.0000
  ✗ Valence growth did not accelerate (differs from 2/13)
